Change Component Designator: OldDesignator=C1_U_WS2812B1 NewDesignator=C1_WS3
Change Component Designator: OldDesignator=C1_U_WS2812B2 NewDesignator=C1_WS2
Change Component Designator: OldDesignator=C1_U_WS2812B3 NewDesignator=C1_WS1
Change Component Designator: OldDesignator=C2_U_WS2812B1 NewDesignator=C2_WS3
Change Component Designator: OldDesignator=C2_U_WS2812B2 NewDesignator=C2_WS2
Change Component Designator: OldDesignator=C2_U_WS2812B3 NewDesignator=C2_WS1
Change Component Designator: OldDesignator=C3_U_WS2812B1 NewDesignator=C3_WS3
Change Component Designator: OldDesignator=C3_U_WS2812B2 NewDesignator=C3_WS2
Change Component Designator: OldDesignator=C3_U_WS2812B3 NewDesignator=C3_WS1
Change Component Designator: OldDesignator=C4_U_WS2812B1 NewDesignator=C4_WS3
Change Component Designator: OldDesignator=C4_U_WS2812B2 NewDesignator=C4_WS2
Change Component Designator: OldDesignator=C4_U_WS2812B3 NewDesignator=C4_WS1
Change Component Designator: OldDesignator=C5_U_WS2812B1 NewDesignator=C5_WS3
Change Component Designator: OldDesignator=C5_U_WS2812B2 NewDesignator=C5_WS2
Change Component Designator: OldDesignator=C5_U_WS2812B3 NewDesignator=C5_WS1
Change Component Designator: OldDesignator=C6_U_WS2812B1 NewDesignator=C6_WS3
Change Component Designator: OldDesignator=C6_U_WS2812B2 NewDesignator=C6_WS2
Change Component Designator: OldDesignator=C6_U_WS2812B3 NewDesignator=C6_WS1
Change Component Designator: OldDesignator=C7_U_WS2812B1 NewDesignator=C7_WS3
Change Component Designator: OldDesignator=C7_U_WS2812B2 NewDesignator=C7_WS2
Change Component Designator: OldDesignator=C7_U_WS2812B3 NewDesignator=C7_WS1
Change Component Designator: OldDesignator=C8_U_WS2812B1 NewDesignator=C8_WS3
Change Component Designator: OldDesignator=C8_U_WS2812B2 NewDesignator=C8_WS2
Change Component Designator: OldDesignator=C8_U_WS2812B3 NewDesignator=C8_WS1
Change Component Designator: OldDesignator=C9_U_WS2812B1 NewDesignator=C9_WS3
Change Component Designator: OldDesignator=C9_U_WS2812B2 NewDesignator=C9_WS2
Change Component Designator: OldDesignator=C9_U_WS2812B3 NewDesignator=C9_WS1
Change Component Designator: OldDesignator=C10_U_WS2812B1 NewDesignator=C10_WS3
Change Component Designator: OldDesignator=C10_U_WS2812B2 NewDesignator=C10_WS2
Change Component Designator: OldDesignator=C10_U_WS2812B3 NewDesignator=C10_WS1
Change Component Designator: OldDesignator=C11_U_WS2812B1 NewDesignator=C11_WS3
Change Component Designator: OldDesignator=C11_U_WS2812B2 NewDesignator=C11_WS2
Change Component Designator: OldDesignator=C11_U_WS2812B3 NewDesignator=C11_WS1
Change Component Designator: OldDesignator=C12_U_WS2812B1 NewDesignator=C12_WS3
Change Component Designator: OldDesignator=C12_U_WS2812B2 NewDesignator=C12_WS2
Change Component Designator: OldDesignator=C12_U_WS2812B3 NewDesignator=C12_WS1
Change Component Designator: OldDesignator=C13_U_WS2812B1 NewDesignator=C13_WS3
Change Component Designator: OldDesignator=C13_U_WS2812B2 NewDesignator=C13_WS2
Change Component Designator: OldDesignator=C13_U_WS2812B3 NewDesignator=C13_WS1
Change Component Designator: OldDesignator=C14_U_WS2812B1 NewDesignator=C14_WS3
Change Component Designator: OldDesignator=C14_U_WS2812B2 NewDesignator=C14_WS2
Change Component Designator: OldDesignator=C14_U_WS2812B3 NewDesignator=C14_WS1
Change Component Designator: OldDesignator=C15_U_WS2812B1 NewDesignator=C15_WS3
Change Component Designator: OldDesignator=C15_U_WS2812B2 NewDesignator=C15_WS2
Change Component Designator: OldDesignator=C15_U_WS2812B3 NewDesignator=C15_WS1
Change Component Designator: OldDesignator=C16_U_WS2812B1 NewDesignator=C16_WS3
Change Component Designator: OldDesignator=C16_U_WS2812B2 NewDesignator=C16_WS2
Change Component Designator: OldDesignator=C16_U_WS2812B3 NewDesignator=C16_WS1
Change Component Designator: OldDesignator=C17_U_WS2812B1 NewDesignator=C17_WS3
Change Component Designator: OldDesignator=C17_U_WS2812B2 NewDesignator=C17_WS2
Change Component Designator: OldDesignator=C17_U_WS2812B3 NewDesignator=C17_WS1
Change Component Designator: OldDesignator=C18_U_WS2812B1 NewDesignator=C18_WS3
Change Component Designator: OldDesignator=C18_U_WS2812B2 NewDesignator=C18_WS2
Change Component Designator: OldDesignator=C18_U_WS2812B3 NewDesignator=C18_WS1
Change Component Designator: OldDesignator=C19_U_WS2812B1 NewDesignator=C19_WS3
Change Component Designator: OldDesignator=C19_U_WS2812B2 NewDesignator=C19_WS2
Change Component Designator: OldDesignator=C19_U_WS2812B3 NewDesignator=C19_WS1
Change Component Designator: OldDesignator=C20_U_WS2812B1 NewDesignator=C20_WS3
Change Component Designator: OldDesignator=C20_U_WS2812B2 NewDesignator=C20_WS2
Change Component Designator: OldDesignator=C20_U_WS2812B3 NewDesignator=C20_WS1
Change Component Designator: OldDesignator=C21_U_WS2812B1 NewDesignator=C21_WS3
Change Component Designator: OldDesignator=C21_U_WS2812B2 NewDesignator=C21_WS2
Change Component Designator: OldDesignator=C21_U_WS2812B3 NewDesignator=C21_WS1
Change Component Designator: OldDesignator=C22_U_WS2812B1 NewDesignator=C22_WS3
Change Component Designator: OldDesignator=C22_U_WS2812B2 NewDesignator=C22_WS2
Change Component Designator: OldDesignator=C22_U_WS2812B3 NewDesignator=C22_WS1
Change Component Designator: OldDesignator=C23_U_WS2812B1 NewDesignator=C23_WS3
Change Component Designator: OldDesignator=C23_U_WS2812B2 NewDesignator=C23_WS2
Change Component Designator: OldDesignator=C23_U_WS2812B3 NewDesignator=C23_WS1
Change Component Designator: OldDesignator=D1_U_WS2812B1 NewDesignator=D1_WS3
Change Component Designator: OldDesignator=D1_U_WS2812B2 NewDesignator=D1_WS2
Change Component Designator: OldDesignator=D1_U_WS2812B3 NewDesignator=D1_WS1
Change Component Designator: OldDesignator=D2_U_WS2812B1 NewDesignator=D2_WS3
Change Component Designator: OldDesignator=D2_U_WS2812B2 NewDesignator=D2_WS2
Change Component Designator: OldDesignator=D2_U_WS2812B3 NewDesignator=D2_WS1
Change Component Designator: OldDesignator=D3_U_WS2812B1 NewDesignator=D3_WS3
Change Component Designator: OldDesignator=D3_U_WS2812B2 NewDesignator=D3_WS2
Change Component Designator: OldDesignator=D3_U_WS2812B3 NewDesignator=D3_WS1
Change Component Designator: OldDesignator=D4_U_WS2812B1 NewDesignator=D4_WS3
Change Component Designator: OldDesignator=D4_U_WS2812B2 NewDesignator=D4_WS2
Change Component Designator: OldDesignator=D4_U_WS2812B3 NewDesignator=D4_WS1
Change Component Designator: OldDesignator=D5_U_WS2812B1 NewDesignator=D5_WS3
Change Component Designator: OldDesignator=D5_U_WS2812B2 NewDesignator=D5_WS2
Change Component Designator: OldDesignator=D5_U_WS2812B3 NewDesignator=D5_WS1
Change Component Designator: OldDesignator=D6_U_WS2812B1 NewDesignator=D6_WS3
Change Component Designator: OldDesignator=D6_U_WS2812B2 NewDesignator=D6_WS2
Change Component Designator: OldDesignator=D6_U_WS2812B3 NewDesignator=D6_WS1
Change Component Designator: OldDesignator=D7_U_WS2812B1 NewDesignator=D7_WS3
Change Component Designator: OldDesignator=D7_U_WS2812B2 NewDesignator=D7_WS2
Change Component Designator: OldDesignator=D7_U_WS2812B3 NewDesignator=D7_WS1
Change Component Designator: OldDesignator=D8_U_WS2812B1 NewDesignator=D8_WS3
Change Component Designator: OldDesignator=D8_U_WS2812B2 NewDesignator=D8_WS2
Change Component Designator: OldDesignator=D8_U_WS2812B3 NewDesignator=D8_WS1
Change Component Designator: OldDesignator=D9_U_WS2812B1 NewDesignator=D9_WS3
Change Component Designator: OldDesignator=D9_U_WS2812B2 NewDesignator=D9_WS2
Change Component Designator: OldDesignator=D9_U_WS2812B3 NewDesignator=D9_WS1
Change Component Designator: OldDesignator=D10_U_WS2812B1 NewDesignator=D10_WS3
Change Component Designator: OldDesignator=D10_U_WS2812B2 NewDesignator=D10_WS2
Change Component Designator: OldDesignator=D10_U_WS2812B3 NewDesignator=D10_WS1
Change Component Designator: OldDesignator=D11_U_WS2812B1 NewDesignator=D11_WS3
Change Component Designator: OldDesignator=D11_U_WS2812B2 NewDesignator=D11_WS2
Change Component Designator: OldDesignator=D11_U_WS2812B3 NewDesignator=D11_WS1
Change Component Designator: OldDesignator=D12_U_WS2812B1 NewDesignator=D12_WS3
Change Component Designator: OldDesignator=D12_U_WS2812B2 NewDesignator=D12_WS2
Change Component Designator: OldDesignator=D12_U_WS2812B3 NewDesignator=D12_WS1
Change Component Designator: OldDesignator=D13_U_WS2812B1 NewDesignator=D13_WS3
Change Component Designator: OldDesignator=D13_U_WS2812B2 NewDesignator=D13_WS2
Change Component Designator: OldDesignator=D13_U_WS2812B3 NewDesignator=D13_WS1
Change Component Designator: OldDesignator=D14_U_WS2812B1 NewDesignator=D14_WS3
Change Component Designator: OldDesignator=D14_U_WS2812B2 NewDesignator=D14_WS2
Change Component Designator: OldDesignator=D14_U_WS2812B3 NewDesignator=D14_WS1
Change Component Designator: OldDesignator=D15_U_WS2812B1 NewDesignator=D15_WS3
Change Component Designator: OldDesignator=D15_U_WS2812B2 NewDesignator=D15_WS2
Change Component Designator: OldDesignator=D15_U_WS2812B3 NewDesignator=D15_WS1
Change Component Designator: OldDesignator=D16_U_WS2812B1 NewDesignator=D16_WS3
Change Component Designator: OldDesignator=D16_U_WS2812B2 NewDesignator=D16_WS2
Change Component Designator: OldDesignator=D16_U_WS2812B3 NewDesignator=D16_WS1
Change Component Designator: OldDesignator=D17_U_WS2812B1 NewDesignator=D17_WS3
Change Component Designator: OldDesignator=D17_U_WS2812B2 NewDesignator=D17_WS2
Change Component Designator: OldDesignator=D17_U_WS2812B3 NewDesignator=D17_WS1
Change Component Designator: OldDesignator=D18_U_WS2812B1 NewDesignator=D18_WS3
Change Component Designator: OldDesignator=D18_U_WS2812B2 NewDesignator=D18_WS2
Change Component Designator: OldDesignator=D18_U_WS2812B3 NewDesignator=D18_WS1
Change Component Designator: OldDesignator=D19_U_WS2812B1 NewDesignator=D19_WS3
Change Component Designator: OldDesignator=D19_U_WS2812B2 NewDesignator=D19_WS2
Change Component Designator: OldDesignator=D19_U_WS2812B3 NewDesignator=D19_WS1
Change Component Designator: OldDesignator=D20_U_WS2812B1 NewDesignator=D20_WS3
Change Component Designator: OldDesignator=D20_U_WS2812B2 NewDesignator=D20_WS2
Change Component Designator: OldDesignator=D20_U_WS2812B3 NewDesignator=D20_WS1
Change Component Designator: OldDesignator=D21_U_WS2812B1 NewDesignator=D21_WS3
Change Component Designator: OldDesignator=D21_U_WS2812B2 NewDesignator=D21_WS2
Change Component Designator: OldDesignator=D21_U_WS2812B3 NewDesignator=D21_WS1
Change Component Designator: OldDesignator=D22_U_WS2812B1 NewDesignator=D22_WS3
Change Component Designator: OldDesignator=D22_U_WS2812B2 NewDesignator=D22_WS2
Change Component Designator: OldDesignator=D22_U_WS2812B3 NewDesignator=D22_WS1
Change Component Designator: OldDesignator=D23_U_WS2812B1 NewDesignator=D23_WS3
Change Component Designator: OldDesignator=D23_U_WS2812B2 NewDesignator=D23_WS2
Change Component Designator: OldDesignator=D23_U_WS2812B3 NewDesignator=D23_WS1
Change Net Name : Old Net Name=NetD1_U_WS2812B1_2 New Net Name=NetD1_WS3_2
Change Net Name : Old Net Name=NetD1_U_WS2812B1_4 New Net Name=NetD1_WS3_4
Change Net Name : Old Net Name=NetD1_U_WS2812B2_2 New Net Name=NetD1_WS2_2
Change Net Name : Old Net Name=NetD1_U_WS2812B2_4 New Net Name=NetD1_WS2_4
Change Net Name : Old Net Name=NetD1_U_WS2812B3_2 New Net Name=NetD1_WS1_2
Change Net Name : Old Net Name=NetD1_U_WS2812B3_4 New Net Name=NetD1_WS1_4
Change Net Name : Old Net Name=NetD2_U_WS2812B1_2 New Net Name=NetD2_WS3_2
Change Net Name : Old Net Name=NetD2_U_WS2812B2_2 New Net Name=NetD2_WS2_2
Change Net Name : Old Net Name=NetD2_U_WS2812B3_2 New Net Name=NetD2_WS1_2
Change Net Name : Old Net Name=NetD3_U_WS2812B1_2 New Net Name=NetD3_WS3_2
Change Net Name : Old Net Name=NetD3_U_WS2812B2_2 New Net Name=NetD3_WS2_2
Change Net Name : Old Net Name=NetD3_U_WS2812B3_2 New Net Name=NetD3_WS1_2
Change Net Name : Old Net Name=NetD4_U_WS2812B1_2 New Net Name=NetD4_WS3_2
Change Net Name : Old Net Name=NetD4_U_WS2812B2_2 New Net Name=NetD4_WS2_2
Change Net Name : Old Net Name=NetD4_U_WS2812B3_2 New Net Name=NetD4_WS1_2
Change Net Name : Old Net Name=NetD5_U_WS2812B1_2 New Net Name=NetD5_WS3_2
Change Net Name : Old Net Name=NetD5_U_WS2812B2_2 New Net Name=NetD5_WS2_2
Change Net Name : Old Net Name=NetD5_U_WS2812B3_2 New Net Name=NetD5_WS1_2
Change Net Name : Old Net Name=NetD6_U_WS2812B1_2 New Net Name=NetD6_WS3_2
Change Net Name : Old Net Name=NetD6_U_WS2812B2_2 New Net Name=NetD6_WS2_2
Change Net Name : Old Net Name=NetD6_U_WS2812B3_2 New Net Name=NetD6_WS1_2
Change Net Name : Old Net Name=NetD7_U_WS2812B1_2 New Net Name=NetD7_WS3_2
Change Net Name : Old Net Name=NetD7_U_WS2812B2_2 New Net Name=NetD7_WS2_2
Change Net Name : Old Net Name=NetD7_U_WS2812B3_2 New Net Name=NetD7_WS1_2
Change Net Name : Old Net Name=NetD8_U_WS2812B1_2 New Net Name=NetD8_WS3_2
Change Net Name : Old Net Name=NetD8_U_WS2812B2_2 New Net Name=NetD8_WS2_2
Change Net Name : Old Net Name=NetD8_U_WS2812B3_2 New Net Name=NetD8_WS1_2
Change Net Name : Old Net Name=NetD9_U_WS2812B1_2 New Net Name=NetD9_WS3_2
Change Net Name : Old Net Name=NetD9_U_WS2812B2_2 New Net Name=NetD9_WS2_2
Change Net Name : Old Net Name=NetD9_U_WS2812B3_2 New Net Name=NetD9_WS1_2
Change Net Name : Old Net Name=NetD10_U_WS2812B1_2 New Net Name=NetD10_WS3_2
Change Net Name : Old Net Name=NetD10_U_WS2812B2_2 New Net Name=NetD10_WS2_2
Change Net Name : Old Net Name=NetD10_U_WS2812B3_2 New Net Name=NetD10_WS1_2
Change Net Name : Old Net Name=NetD11_U_WS2812B1_2 New Net Name=NetD11_WS3_2
Change Net Name : Old Net Name=NetD11_U_WS2812B2_2 New Net Name=NetD11_WS2_2
Change Net Name : Old Net Name=NetD11_U_WS2812B3_2 New Net Name=NetD11_WS1_2
Change Net Name : Old Net Name=NetD12_U_WS2812B1_2 New Net Name=NetD12_WS3_2
Change Net Name : Old Net Name=NetD12_U_WS2812B2_2 New Net Name=NetD12_WS2_2
Change Net Name : Old Net Name=NetD12_U_WS2812B3_2 New Net Name=NetD12_WS1_2
Change Net Name : Old Net Name=NetD13_U_WS2812B1_2 New Net Name=NetD13_WS3_2
Change Net Name : Old Net Name=NetD13_U_WS2812B2_2 New Net Name=NetD13_WS2_2
Change Net Name : Old Net Name=NetD13_U_WS2812B3_2 New Net Name=NetD13_WS1_2
Change Net Name : Old Net Name=NetD14_U_WS2812B1_2 New Net Name=NetD14_WS3_2
Change Net Name : Old Net Name=NetD14_U_WS2812B2_2 New Net Name=NetD14_WS2_2
Change Net Name : Old Net Name=NetD14_U_WS2812B3_2 New Net Name=NetD14_WS1_2
Change Net Name : Old Net Name=NetD15_U_WS2812B1_2 New Net Name=NetD15_WS3_2
Change Net Name : Old Net Name=NetD15_U_WS2812B2_2 New Net Name=NetD15_WS2_2
Change Net Name : Old Net Name=NetD15_U_WS2812B3_2 New Net Name=NetD15_WS1_2
Change Net Name : Old Net Name=NetD16_U_WS2812B1_2 New Net Name=NetD16_WS3_2
Change Net Name : Old Net Name=NetD16_U_WS2812B2_2 New Net Name=NetD16_WS2_2
Change Net Name : Old Net Name=NetD16_U_WS2812B3_2 New Net Name=NetD16_WS1_2
Change Net Name : Old Net Name=NetD17_U_WS2812B1_2 New Net Name=NetD17_WS3_2
Change Net Name : Old Net Name=NetD17_U_WS2812B2_2 New Net Name=NetD17_WS2_2
Change Net Name : Old Net Name=NetD17_U_WS2812B3_2 New Net Name=NetD17_WS1_2
Change Net Name : Old Net Name=NetD18_U_WS2812B1_2 New Net Name=NetD18_WS3_2
Change Net Name : Old Net Name=NetD18_U_WS2812B2_2 New Net Name=NetD18_WS2_2
Change Net Name : Old Net Name=NetD18_U_WS2812B3_2 New Net Name=NetD18_WS1_2
Change Net Name : Old Net Name=NetD19_U_WS2812B1_2 New Net Name=NetD19_WS3_2
Change Net Name : Old Net Name=NetD19_U_WS2812B2_2 New Net Name=NetD19_WS2_2
Change Net Name : Old Net Name=NetD19_U_WS2812B3_2 New Net Name=NetD19_WS1_2
Change Net Name : Old Net Name=NetD20_U_WS2812B1_2 New Net Name=NetD20_WS3_2
Change Net Name : Old Net Name=NetD20_U_WS2812B2_2 New Net Name=NetD20_WS2_2
Change Net Name : Old Net Name=NetD20_U_WS2812B3_2 New Net Name=NetD20_WS1_2
Change Net Name : Old Net Name=NetD21_U_WS2812B1_2 New Net Name=NetD21_WS3_2
Change Net Name : Old Net Name=NetD21_U_WS2812B2_2 New Net Name=NetD21_WS2_2
Change Net Name : Old Net Name=NetD21_U_WS2812B3_2 New Net Name=NetD21_WS1_2
Change Net Name : Old Net Name=NetD22_U_WS2812B1_2 New Net Name=NetD22_WS3_2
Change Net Name : Old Net Name=NetD22_U_WS2812B2_2 New Net Name=NetD22_WS2_2
Change Net Name : Old Net Name=NetD22_U_WS2812B3_2 New Net Name=NetD22_WS1_2
Change Net Name : Old Net Name=NetD23_U_WS2812B1_2 New Net Name=NetD23_WS3_2
Change Class Name : Old Net Name=U_WS2812B1 New Net Name=WS3
Change Class Name : Old Net Name=U_WS2812B2 New Net Name=WS2
Change Class Name : Old Net Name=U_WS2812B3 New Net Name=WS1
Change Room Name: Old Name=U_WS2812B2 New Name=WS2
Change Room Scope: Old Scope=InComponentClass('U_WS2812B2') New Scope=InComponentClass('WS2')
Change Room Name: Old Name=U_WS2812B3 New Name=WS3
Change Room Scope: Old Scope=InComponentClass('U_WS2812B3') New Scope=InComponentClass('WS3')
Added Room: Name=WS1
