Removed Pin From Net: NetName=WS_GND Pin=C1_WS3-1
Removed Pin From Net: NetName=WS_VDD Pin=C1_WS3-2
Removed Pin From Net: NetName=WS_GND Pin=C2_WS3-1
Removed Pin From Net: NetName=WS_VDD Pin=C2_WS3-2
Removed Pin From Net: NetName=WS_GND Pin=C3_WS3-1
Removed Pin From Net: NetName=WS_VDD Pin=C3_WS3-2
Removed Pin From Net: NetName=WS_GND Pin=C4_WS3-1
Removed Pin From Net: NetName=WS_VDD Pin=C4_WS3-2
Removed Pin From Net: NetName=WS_GND Pin=C5_WS3-1
Removed Pin From Net: NetName=WS_VDD Pin=C5_WS3-2
Removed Pin From Net: NetName=WS_GND Pin=C6_WS3-1
Removed Pin From Net: NetName=WS_VDD Pin=C6_WS3-2
Removed Pin From Net: NetName=WS_GND Pin=C7_WS3-1
Removed Pin From Net: NetName=WS_VDD Pin=C7_WS3-2
Removed Pin From Net: NetName=WS_GND Pin=C8_WS3-1
Removed Pin From Net: NetName=WS_VDD Pin=C8_WS3-2
Removed Pin From Net: NetName=WS_GND Pin=C9_WS3-1
Removed Pin From Net: NetName=WS_VDD Pin=C9_WS3-2
Removed Pin From Net: NetName=WS_GND Pin=C10_WS3-1
Removed Pin From Net: NetName=WS_VDD Pin=C10_WS3-2
Removed Pin From Net: NetName=WS_GND Pin=C11_WS3-1
Removed Pin From Net: NetName=WS_VDD Pin=C11_WS3-2
Removed Pin From Net: NetName=WS_GND Pin=C12_WS3-1
Removed Pin From Net: NetName=WS_VDD Pin=C12_WS3-2
Removed Pin From Net: NetName=WS_GND Pin=C13_WS3-1
Removed Pin From Net: NetName=WS_VDD Pin=C13_WS3-2
Removed Pin From Net: NetName=WS_GND Pin=C14_WS3-1
Removed Pin From Net: NetName=WS_VDD Pin=C14_WS3-2
Removed Pin From Net: NetName=WS_GND Pin=C15_WS3-1
Removed Pin From Net: NetName=WS_VDD Pin=C15_WS3-2
Removed Pin From Net: NetName=WS_GND Pin=C16_WS3-1
Removed Pin From Net: NetName=WS_VDD Pin=C16_WS3-2
Removed Pin From Net: NetName=WS_GND Pin=C17_WS3-1
Removed Pin From Net: NetName=WS_VDD Pin=C17_WS3-2
Removed Pin From Net: NetName=WS_GND Pin=C18_WS3-1
Removed Pin From Net: NetName=WS_VDD Pin=C18_WS3-2
Removed Pin From Net: NetName=WS_GND Pin=C19_WS3-1
Removed Pin From Net: NetName=WS_VDD Pin=C19_WS3-2
Removed Pin From Net: NetName=WS_GND Pin=C20_WS3-1
Removed Pin From Net: NetName=WS_VDD Pin=C20_WS3-2
Removed Pin From Net: NetName=WS_GND Pin=C21_WS3-1
Removed Pin From Net: NetName=WS_VDD Pin=C21_WS3-2
Removed Pin From Net: NetName=WS_GND Pin=C22_WS3-1
Removed Pin From Net: NetName=WS_VDD Pin=C22_WS3-2
Removed Pin From Net: NetName=WS_GND Pin=C23_WS3-1
Removed Pin From Net: NetName=WS_VDD Pin=C23_WS3-2
Removed Pin From Net: NetName=WS_VDD Pin=D1_WS3-1
Removed Pin From Net: NetName=WS_GND Pin=D1_WS3-3
Removed Pin From Net: NetName=WS_VDD Pin=D2_WS3-1
Removed Pin From Net: NetName=WS_GND Pin=D2_WS3-3
Removed Pin From Net: NetName=WS_VDD Pin=D3_WS3-1
Removed Pin From Net: NetName=WS_GND Pin=D3_WS3-3
Removed Pin From Net: NetName=WS_VDD Pin=D4_WS3-1
Removed Pin From Net: NetName=WS_GND Pin=D4_WS3-3
Removed Pin From Net: NetName=WS_VDD Pin=D5_WS3-1
Removed Pin From Net: NetName=WS_GND Pin=D5_WS3-3
Removed Pin From Net: NetName=WS_VDD Pin=D6_WS3-1
Removed Pin From Net: NetName=WS_GND Pin=D6_WS3-3
Removed Pin From Net: NetName=WS_VDD Pin=D7_WS3-1
Removed Pin From Net: NetName=WS_GND Pin=D7_WS3-3
Removed Pin From Net: NetName=WS_VDD Pin=D8_WS3-1
Removed Pin From Net: NetName=WS_GND Pin=D8_WS3-3
Removed Pin From Net: NetName=WS_VDD Pin=D9_WS3-1
Removed Pin From Net: NetName=WS_GND Pin=D9_WS3-3
Removed Pin From Net: NetName=WS_VDD Pin=D10_WS3-1
Removed Pin From Net: NetName=WS_GND Pin=D10_WS3-3
Removed Pin From Net: NetName=WS_VDD Pin=D11_WS3-1
Removed Pin From Net: NetName=WS_GND Pin=D11_WS3-3
Removed Pin From Net: NetName=WS_VDD Pin=D12_WS3-1
Removed Pin From Net: NetName=WS_GND Pin=D12_WS3-3
Removed Pin From Net: NetName=WS_VDD Pin=D13_WS3-1
Removed Pin From Net: NetName=WS_GND Pin=D13_WS3-3
Removed Pin From Net: NetName=WS_VDD Pin=D14_WS3-1
Removed Pin From Net: NetName=WS_GND Pin=D14_WS3-3
Removed Pin From Net: NetName=WS_VDD Pin=D15_WS3-1
Removed Pin From Net: NetName=WS_GND Pin=D15_WS3-3
Removed Pin From Net: NetName=WS_VDD Pin=D16_WS3-1
Removed Pin From Net: NetName=WS_GND Pin=D16_WS3-3
Removed Pin From Net: NetName=WS_VDD Pin=D17_WS3-1
Removed Pin From Net: NetName=WS_GND Pin=D17_WS3-3
Removed Pin From Net: NetName=WS_VDD Pin=D18_WS3-1
Removed Pin From Net: NetName=WS_GND Pin=D18_WS3-3
Removed Pin From Net: NetName=WS_VDD Pin=D19_WS3-1
Removed Pin From Net: NetName=WS_GND Pin=D19_WS3-3
Removed Pin From Net: NetName=WS_VDD Pin=D20_WS3-1
Removed Pin From Net: NetName=WS_GND Pin=D20_WS3-3
Removed Pin From Net: NetName=WS_VDD Pin=D21_WS3-1
Removed Pin From Net: NetName=WS_GND Pin=D21_WS3-3
Removed Pin From Net: NetName=WS_VDD Pin=D22_WS3-1
Removed Pin From Net: NetName=WS_GND Pin=D22_WS3-3
Removed Pin From Net: NetName=WS_VDD Pin=D23_WS3-1
Removed Pin From Net: NetName=WS_GND Pin=D23_WS3-3
Added Pin To Net: NetName=NetD23_WS2_2 Pin=D23_WS2-2
Added Net: Name=NetD23_WS2_2
Added Room: Name=U_Display
Added Room: Name=WS1
Added Room: Name=WS2
