Removed Pin From Net: NetName=WS_GND Pin=C20_WS1-1
Removed Pin From Net: NetName=WS_VDD Pin=C20_WS1-2
Removed Pin From Net: NetName=WS_GND Pin=C20_WS2-1
Removed Pin From Net: NetName=WS_VDD Pin=C20_WS2-2
Removed Pin From Net: NetName=WS_GND Pin=C21_WS1-1
Removed Pin From Net: NetName=WS_VDD Pin=C21_WS1-2
Removed Pin From Net: NetName=WS_GND Pin=C21_WS2-1
Removed Pin From Net: NetName=WS_VDD Pin=C21_WS2-2
Removed Pin From Net: NetName=WS_GND Pin=C22_WS1-1
Removed Pin From Net: NetName=WS_VDD Pin=C22_WS1-2
Removed Pin From Net: NetName=WS_GND Pin=C22_WS2-1
Removed Pin From Net: NetName=WS_VDD Pin=C22_WS2-2
Removed Pin From Net: NetName=WS_GND Pin=C23_WS1-1
Removed Pin From Net: NetName=WS_VDD Pin=C23_WS1-2
Removed Pin From Net: NetName=WS_GND Pin=C23_WS2-1
Removed Pin From Net: NetName=WS_VDD Pin=C23_WS2-2
Removed Pin From Net: NetName=WS_VDD Pin=D20_WS1-1
Removed Pin From Net: NetName=WS_GND Pin=D20_WS1-3
Removed Pin From Net: NetName=WS_VDD Pin=D20_WS2-1
Removed Pin From Net: NetName=WS_GND Pin=D20_WS2-3
Removed Pin From Net: NetName=NetD19_WS2_2 Pin=D20_WS2-4
Removed Pin From Net: NetName=WS_VDD Pin=D21_WS1-1
Removed Pin From Net: NetName=WS_GND Pin=D21_WS1-3
Removed Pin From Net: NetName=WS_VDD Pin=D21_WS2-1
Removed Pin From Net: NetName=WS_GND Pin=D21_WS2-3
Removed Pin From Net: NetName=WS_VDD Pin=D22_WS1-1
Removed Pin From Net: NetName=WS_GND Pin=D22_WS1-3
Removed Pin From Net: NetName=WS_VDD Pin=D22_WS2-1
Removed Pin From Net: NetName=WS_GND Pin=D22_WS2-3
Removed Pin From Net: NetName=WS_VDD Pin=D23_WS1-1
Removed Pin From Net: NetName=NetD1_WS2_4 Pin=D23_WS1-2
Removed Pin From Net: NetName=WS_GND Pin=D23_WS1-3
Removed Pin From Net: NetName=WS_VDD Pin=D23_WS2-1
Removed Pin From Net: NetName=WS_GND Pin=D23_WS2-3
Removed Member From Class: ClassName=WS1 Member=C20_WS1
Removed Member From Class: ClassName=WS2 Member=C20_WS2
Removed Member From Class: ClassName=WS1 Member=C21_WS1
Removed Member From Class: ClassName=WS2 Member=C21_WS2
Removed Member From Class: ClassName=WS1 Member=C22_WS1
Removed Member From Class: ClassName=WS2 Member=C22_WS2
Removed Member From Class: ClassName=WS1 Member=C23_WS1
Removed Member From Class: ClassName=WS2 Member=C23_WS2
Removed Member From Class: ClassName=WS1 Member=D20_WS1
Removed Member From Class: ClassName=WS2 Member=D20_WS2
Removed Member From Class: ClassName=WS1 Member=D21_WS1
Removed Member From Class: ClassName=WS2 Member=D21_WS2
Removed Member From Class: ClassName=WS1 Member=D22_WS1
Removed Member From Class: ClassName=WS2 Member=D22_WS2
Removed Member From Class: ClassName=WS1 Member=D23_WS1
Removed Member From Class: ClassName=WS2 Member=D23_WS2
Added Pin To Net: NetName=NetD1_WS2_4 Pin=D19_WS1-2
