Added Component: Designator=C?(C0805H06_M)
Add component. Clean all parameters for all variants
Added Component: Designator=Q?(SOT-23-5)
Add component. Clean all parameters for all variants
Add component (AddParameter): Name = "Farnell"; Value = "http://de.farnell.com/stmicroelectronics/stmps2161str/power-switch-1ch-1000ma-sot23-5/dp/1842615"; VariantName = "[No Variations]"
Add component (AddParameter): Name = "Farnell Order Number"; Value = "1842615"; VariantName = "[No Variations]"
Add component (AddParameter): Name = "Price"; Value = "0,651"; VariantName = "[No Variations]"
Added Component: Designator=R3(R0805H05_M)
Add component. Clean all parameters for all variants
Added Pin To Net: NetName=GND Pin=C?-2
Added Pin To Net: NetName=GND Pin=DISP-31
Added Pin To Net: NetName=GND Pin=DISP-32
Added Pin To Net: NetName=GND Pin=DISP-33
Added Pin To Net: NetName=GND Pin=DISP-40
Added Pin To Net: NetName=DOG_VDD Pin=Q?-1
Added Pin To Net: NetName=GND Pin=Q?-2
Added Pin To Net: NetName=3V3 Pin=Q?-5
Added Pin To Net: NetName=GND Pin=R1-2
Added Pin To Net: NetName=GND Pin=R3-1
Added Pin To Net: NetName=NetC?_1 Pin=C?-1
Added Pin To Net: NetName=NetC?_1 Pin=DISP-29
Added Pin To Net: NetName=NetC?_1 Pin=R1-1
Added Net: Name=NetC?_1
Added Pin To Net: NetName=NetQ?_4 Pin=Q?-4
Added Pin To Net: NetName=NetQ?_4 Pin=R3-2
Added Net: Name=NetQ?_4
Added Member To Class: ClassName=U_Display Member=Component C? TO BE DEFINED!
Added Member To Class: ClassName=U_Display Member=Component Q? Enhanced single channel power switches
Added Member To Class: ClassName=U_Display Member=Component R3 .Resistor
