Added Component: Designator=C40(C1206H08_M)
Add component. Clean all parameters for all variants
Add component (AddParameter): Name = "mouser"; Value = "581-TAJA106K016TNJ"; VariantName = "[No Variations]"
Add component (AddParameter): Name = "Value"; Value = "10µF 16V Tantal"; VariantName = "[No Variations]"
Added Component: Designator=C41(C1206H08_M)
Add component. Clean all parameters for all variants
Add component (AddParameter): Name = "mouser"; Value = "581-TAJA106K016TNJ"; VariantName = "[No Variations]"
Add component (AddParameter): Name = "Value"; Value = "10µF 16V Tantal"; VariantName = "[No Variations]"
Added Component: Designator=C42(C1210_TANTAL_M)
Add component. Clean all parameters for all variants
Add component (AddParameter): Name = "Mouser"; Value = "http://www.mouser.de/ProductDetail/AVX/TPSB107K006R0400"; VariantName = "[No Variations]"
Add component (AddParameter): Name = "Mouser Order Number"; Value = "581-TPSB107K006R0400"; VariantName = "[No Variations]"
Add component (AddParameter): Name = "Value"; Value = "100µF"; VariantName = "[No Variations]"
Add component (AddParameter): Name = "Voltage Rating"; Value = "6.3V"; VariantName = "[No Variations]"
Added Component: Designator=C43(C1210_TANTAL_M)
Add component. Clean all parameters for all variants
Add component (AddParameter): Name = "Mouser"; Value = "http://www.mouser.de/ProductDetail/AVX/TPSB107K006R0400"; VariantName = "[No Variations]"
Add component (AddParameter): Name = "Mouser Order Number"; Value = "581-TPSB107K006R0400"; VariantName = "[No Variations]"
Add component (AddParameter): Name = "Value"; Value = "100µF"; VariantName = "[No Variations]"
Add component (AddParameter): Name = "Voltage Rating"; Value = "6.3V"; VariantName = "[No Variations]"
Added Component: Designator=C44(C0603H08_L)
Add component. Clean all parameters for all variants
Add component (AddParameter): Name = "Farnell"; Value = "http://de.farnell.com/avx/06036d106mat2a/kondensator-0603-x5r-6-3v-10uf/dp/1833804"; VariantName = "[No Variations]"
Add component (AddParameter): Name = "Farnell Order Number"; Value = "1833804"; VariantName = "[No Variations]"
Add component (AddParameter): Name = "Form"; Value = "0603 [M 1608]"; VariantName = "[No Variations]"
Add component (AddParameter): Name = "Price"; Value = "0.167"; VariantName = "[No Variations]"
Add component (AddParameter): Name = "Series"; Value = "X5R"; VariantName = "[No Variations]"
Add component (AddParameter): Name = "Temperature Coeffizient"; Value = "N/A"; VariantName = "[No Variations]"
Add component (AddParameter): Name = "Temperature Range"; Value = "-55°C to + 85°C"; VariantName = "[No Variations]"
Add component (AddParameter): Name = "Tolerance"; Value = "+-20%"; VariantName = "[No Variations]"
Add component (AddParameter): Name = "Value"; Value = "10µF"; VariantName = "[No Variations]"
Add component (AddParameter): Name = "Voltage Rating"; Value = "6.3V"; VariantName = "[No Variations]"
Added Component: Designator=C45(C0603H08_L)
Add component. Clean all parameters for all variants
Add component (AddParameter): Name = "Farnell"; Value = "http://de.farnell.com/avx/06036d106mat2a/kondensator-0603-x5r-6-3v-10uf/dp/1833804"; VariantName = "[No Variations]"
Add component (AddParameter): Name = "Farnell Order Number"; Value = "1833804"; VariantName = "[No Variations]"
Add component (AddParameter): Name = "Form"; Value = "0603 [M 1608]"; VariantName = "[No Variations]"
Add component (AddParameter): Name = "Price"; Value = "0.167"; VariantName = "[No Variations]"
Add component (AddParameter): Name = "Series"; Value = "X5R"; VariantName = "[No Variations]"
Add component (AddParameter): Name = "Temperature Coeffizient"; Value = "N/A"; VariantName = "[No Variations]"
Add component (AddParameter): Name = "Temperature Range"; Value = "-55°C to + 85°C"; VariantName = "[No Variations]"
Add component (AddParameter): Name = "Tolerance"; Value = "+-20%"; VariantName = "[No Variations]"
Add component (AddParameter): Name = "Value"; Value = "10µF"; VariantName = "[No Variations]"
Add component (AddParameter): Name = "Voltage Rating"; Value = "6.3V"; VariantName = "[No Variations]"
Added Component: Designator=C46(C0603H08_M)
Add component. Clean all parameters for all variants
Add component (AddParameter): Name = "Farnell Order Number"; Value = ""; VariantName = "[No Variations]"
Add component (AddParameter): Name = "Form"; Value = "0603 [M 1608]"; VariantName = "[No Variations]"
Add component (AddParameter): Name = "Price"; Value = "0.044"; VariantName = "[No Variations]"
Add component (AddParameter): Name = "Series"; Value = "X7R"; VariantName = "[No Variations]"
Add component (AddParameter): Name = "Temperature Coeffizient"; Value = "0ppm/°C +- 30ppm/°C"; VariantName = "[No Variations]"
Add component (AddParameter): Name = "Temperature Range"; Value = "-55°C to +125°C"; VariantName = "[No Variations]"
Add component (AddParameter): Name = "Tolerance"; Value = "+-10%"; VariantName = "[No Variations]"
Add component (AddParameter): Name = "Value"; Value = "100nF"; VariantName = "[No Variations]"
Add component (AddParameter): Name = "Voltage Rating"; Value = "100V"; VariantName = "[No Variations]"
Added Component: Designator=C47(C0603H08_M)
Add component. Clean all parameters for all variants
Add component (AddParameter): Name = "Farnell Order Number"; Value = ""; VariantName = "[No Variations]"
Add component (AddParameter): Name = "Form"; Value = "0603 [M 1608]"; VariantName = "[No Variations]"
Add component (AddParameter): Name = "Price"; Value = "0.044"; VariantName = "[No Variations]"
Add component (AddParameter): Name = "Series"; Value = "X7R"; VariantName = "[No Variations]"
Add component (AddParameter): Name = "Temperature Coeffizient"; Value = "0ppm/°C +- 30ppm/°C"; VariantName = "[No Variations]"
Add component (AddParameter): Name = "Temperature Range"; Value = "-55°C to +125°C"; VariantName = "[No Variations]"
Add component (AddParameter): Name = "Tolerance"; Value = "+-10%"; VariantName = "[No Variations]"
Add component (AddParameter): Name = "Value"; Value = "100nF"; VariantName = "[No Variations]"
Add component (AddParameter): Name = "Voltage Rating"; Value = "100V"; VariantName = "[No Variations]"
Added Component: Designator=C48(C0603H08_M)
Add component. Clean all parameters for all variants
Add component (AddParameter): Name = "Farnell Order Number"; Value = ""; VariantName = "[No Variations]"
Add component (AddParameter): Name = "Form"; Value = "0603 [M 1608]"; VariantName = "[No Variations]"
Add component (AddParameter): Name = "Price"; Value = "0.044"; VariantName = "[No Variations]"
Add component (AddParameter): Name = "Series"; Value = "X7R"; VariantName = "[No Variations]"
Add component (AddParameter): Name = "Temperature Coeffizient"; Value = "0ppm/°C +- 30ppm/°C"; VariantName = "[No Variations]"
Add component (AddParameter): Name = "Temperature Range"; Value = "-55°C to +125°C"; VariantName = "[No Variations]"
Add component (AddParameter): Name = "Tolerance"; Value = "+-10%"; VariantName = "[No Variations]"
Add component (AddParameter): Name = "Value"; Value = "100nF"; VariantName = "[No Variations]"
Add component (AddParameter): Name = "Voltage Rating"; Value = "100V"; VariantName = "[No Variations]"
Added Component: Designator=C49(C0603H08_M)
Add component. Clean all parameters for all variants
Add component (AddParameter): Name = "Farnell Order Number"; Value = ""; VariantName = "[No Variations]"
Add component (AddParameter): Name = "Form"; Value = "0603 [M 1608]"; VariantName = "[No Variations]"
Add component (AddParameter): Name = "Price"; Value = "0.044"; VariantName = "[No Variations]"
Add component (AddParameter): Name = "Series"; Value = "X7R"; VariantName = "[No Variations]"
Add component (AddParameter): Name = "Temperature Coeffizient"; Value = "0ppm/°C +- 30ppm/°C"; VariantName = "[No Variations]"
Add component (AddParameter): Name = "Temperature Range"; Value = "-55°C to +125°C"; VariantName = "[No Variations]"
Add component (AddParameter): Name = "Tolerance"; Value = "+-10%"; VariantName = "[No Variations]"
Add component (AddParameter): Name = "Value"; Value = "100nF"; VariantName = "[No Variations]"
Add component (AddParameter): Name = "Voltage Rating"; Value = "100V"; VariantName = "[No Variations]"
Added Component: Designator=IC1(SOIC127P600X175-8N)
Add component. Clean all parameters for all variants
Add component (AddParameter): Name = "Farnell"; Value = "http://de.farnell.com/texas-instruments/sn65hvd1040aqdrq1/can-transceiver-1mbps-1dr-1rx-soic/dp/2335646"; VariantName = "[No Variations]"
Add component (AddParameter): Name = "Farnell Order Number"; Value = "2335646"; VariantName = "[No Variations]"
Add component (AddParameter): Name = "Price"; Value = "1.41"; VariantName = "[No Variations]"
Added Component: Designator=IC2(SOIC127P600X175-8N)
Add component. Clean all parameters for all variants
Add component (AddParameter): Name = "Farnell"; Value = "http://de.farnell.com/texas-instruments/sn65hvd1040aqdrq1/can-transceiver-1mbps-1dr-1rx-soic/dp/2335646"; VariantName = "[No Variations]"
Add component (AddParameter): Name = "Farnell Order Number"; Value = "2335646"; VariantName = "[No Variations]"
Add component (AddParameter): Name = "Price"; Value = "1.41"; VariantName = "[No Variations]"
Added Component: Designator=P3(DF13-6P-1.25H(20))
Add component. Clean all parameters for all variants
Add component (AddParameter): Name = "Circuits"; Value = "6"; VariantName = "[No Variations]"
Add component (AddParameter): Name = "Connector Orientation"; Value = "Right Angle"; VariantName = "[No Variations]"
Add component (AddParameter): Name = "Model"; Value = "DF13-6P-1.25H(20)"; VariantName = "[No Variations]"
Add component (AddParameter): Name = "Mounting Style"; Value = "SMT"; VariantName = "[No Variations]"
Added Component: Designator=P4(DF13-6P-1.25H(20))
Add component. Clean all parameters for all variants
Add component (AddParameter): Name = "Circuits"; Value = "6"; VariantName = "[No Variations]"
Add component (AddParameter): Name = "Connector Orientation"; Value = "Right Angle"; VariantName = "[No Variations]"
Add component (AddParameter): Name = "Model"; Value = "DF13-6P-1.25H(20)"; VariantName = "[No Variations]"
Add component (AddParameter): Name = "Mounting Style"; Value = "SMT"; VariantName = "[No Variations]"
Added Component: Designator=Q2(SOT-23-5)
Add component. Clean all parameters for all variants
Add component (AddParameter): Name = "Farnell"; Value = "http://de.farnell.com/stmicroelectronics/stmps2161str/power-switch-1ch-1000ma-sot23-5/dp/1842615"; VariantName = "[No Variations]"
Add component (AddParameter): Name = "Farnell Order Number"; Value = "1842615"; VariantName = "[No Variations]"
Add component (AddParameter): Name = "Price"; Value = "0,651"; VariantName = "[No Variations]"
Added Component: Designator=R15(R0603H05_M)
Add component. Clean all parameters for all variants
Add component (AddParameter): Name = "Value"; Value = "1k"; VariantName = "[No Variations]"
Added Component: Designator=R16(R0603H05_M)
Add component. Clean all parameters for all variants
Add component (AddParameter): Name = "Value"; Value = "1k"; VariantName = "[No Variations]"
Added Component: Designator=R17(R0603H05_M)
Add component. Clean all parameters for all variants
Added Component: Designator=R18(R0603H05_M)
Add component. Clean all parameters for all variants
Added Component: Designator=R19(R0603H05_M)
Add component. Clean all parameters for all variants
Added Component: Designator=R20(R0603H05_M)
Add component. Clean all parameters for all variants
Added Component: Designator=R21(R0603H05_M)
Add component. Clean all parameters for all variants
Added Component: Designator=R22(R0603H05_M)
Add component. Clean all parameters for all variants
Added Component: Designator=R23(R0603H05_M)
Add component. Clean all parameters for all variants
Add component (AddParameter): Name = "Value"; Value = "1k"; VariantName = "[No Variations]"
Added Component: Designator=U3(5-Pin TO-263)
Add component. Clean all parameters for all variants
Added Component: Designator=U4(5-Pin TO-263)
Add component. Clean all parameters for all variants
Added Pin To Net: NetName=WS_GND Pin=C16-1
Added Pin To Net: NetName=WS_VDD Pin=C17-1
Added Pin To Net: NetName=WS_GND Pin=C17-2
Added Pin To Net: NetName=WS_VDD Pin=C18-1
Added Pin To Net: NetName=WS_GND Pin=C18-2
Added Pin To Net: NetName=WS_GND Pin=C23-1
Added Pin To Net: NetName=WS_GND Pin=C24-2
Added Pin To Net: NetName=WS_GND Pin=C25-2
Added Pin To Net: NetName=WS_GND Pin=C26-2
Added Pin To Net: NetName=WS_GND Pin=C27-2
Added Pin To Net: NetName=WS_GND Pin=C28-2
Added Pin To Net: NetName=WS_GND Pin=C29-2
Added Pin To Net: NetName=WS_GND Pin=C30-2
Added Pin To Net: NetName=WS_GND Pin=C31-2
Added Pin To Net: NetName=WS_GND Pin=C32-2
Added Pin To Net: NetName=WS_GND Pin=C33-2
Added Pin To Net: NetName=WS_GND Pin=C34-2
Added Pin To Net: NetName=WS_GND Pin=C35-2
Added Pin To Net: NetName=WS_GND Pin=C36-2
Added Pin To Net: NetName=WS_GND Pin=C38-2
Added Pin To Net: NetName=WS_GND Pin=C40-2
Added Pin To Net: NetName=WS_GND Pin=C41-2
Added Pin To Net: NetName=WS_VDD Pin=C42-1
Added Pin To Net: NetName=WS_GND Pin=C42-2
Added Pin To Net: NetName=WS_GND Pin=C43-2
Added Pin To Net: NetName=WS_VDD Pin=C44-1
Added Pin To Net: NetName=WS_GND Pin=C44-2
Added Pin To Net: NetName=WS_GND Pin=C45-2
Added Pin To Net: NetName=WS_GND Pin=C46-1
Added Pin To Net: NetName=5V Pin=C46-2
Added Pin To Net: NetName=WS_GND Pin=C47-1
Added Pin To Net: NetName=5V Pin=C47-2
Added Pin To Net: NetName=WS_GND Pin=C48-2
Added Pin To Net: NetName=WS_GND Pin=C49-2
Added Pin To Net: NetName=WS_GND Pin=D18-2
Added Pin To Net: NetName=SPI2_CD Pin=DOG1-34
Added Pin To Net: NetName=SPI2_NSS Pin=DOG1-36
Added Pin To Net: NetName=SPI2_SCK Pin=DOG1-38
Added Pin To Net: NetName=SPI2_MOSI Pin=DOG1-39
Added Pin To Net: NetName=CAN1_TX Pin=IC1-1
Added Pin To Net: NetName=WS_GND Pin=IC1-2
Added Pin To Net: NetName=5V Pin=IC1-3
Added Pin To Net: NetName=CAN1_RX Pin=IC1-4
Added Pin To Net: NetName=CAN2_TX Pin=IC2-1
Added Pin To Net: NetName=WS_GND Pin=IC2-2
Added Pin To Net: NetName=5V Pin=IC2-3
Added Pin To Net: NetName=CAN2_RX Pin=IC2-4
Added Pin To Net: NetName=WS_VDD Pin=L1-2
Added Pin To Net: NetName=WS_GND Pin=P1-3
Added Pin To Net: NetName=WS_GND Pin=P2-5
Added Pin To Net: NetName=WS_GND Pin=P3-6
Added Pin To Net: NetName=WS_GND Pin=P4-6
Added Pin To Net: NetName=WS_GND Pin=Prog-4
Added Pin To Net: NetName=WS_GND Pin=Q1-2
Added Pin To Net: NetName=WS_GND Pin=Q2-2
Added Pin To Net: NetName=5V Pin=Q2-5
Added Pin To Net: NetName=WS_GND Pin=R2-1
Added Pin To Net: NetName=WS_GND Pin=R3-1
Added Pin To Net: NetName=WS_GND Pin=R4-1
Added Pin To Net: NetName=WS_GND Pin=R7-2
Added Pin To Net: NetName=WS_GND Pin=R15-1
Added Pin To Net: NetName=WS_GND Pin=R16-1
Added Pin To Net: NetName=5V Pin=R21-2
Added Pin To Net: NetName=5V Pin=R22-2
Added Pin To Net: NetName=WS_GND Pin=R23-2
Added Pin To Net: NetName=WS_GND Pin=SD1-6
Added Pin To Net: NetName=WS_GND Pin=SD1-9
Added Pin To Net: NetName=WS_GND Pin=SD1-11
Added Pin To Net: NetName=WS_GND Pin=SD1-11
Added Pin To Net: NetName=WS_GND Pin=SD1-11
Added Pin To Net: NetName=WS_GND Pin=SD1-11
Added Pin To Net: NetName=WS_GND Pin=U1-2
Added Pin To Net: NetName=WS_VDD Pin=U1-5
Added Pin To Net: NetName=WS_GND Pin=U2-12
Added Pin To Net: NetName=WS_GND Pin=U2-18
Added Pin To Net: NetName=NetD1_WS1_4 Pin=U2-26
Added Pin To Net: NetName=WS_GND Pin=U2-63
Added Pin To Net: NetName=WS_GND Pin=U3-3
Added Pin To Net: NetName=WS_VDD Pin=U3-4
Added Pin To Net: NetName=WS_GND Pin=U3-6
Added Pin To Net: NetName=WS_GND Pin=U4-3
Added Pin To Net: NetName=WS_GND Pin=U4-6
Added Pin To Net: NetName=WS_GND Pin=X2-2
Change Net Name : Old Net Name=WS_GND New Net Name=GPS_GND
Change Net Name : Old Net Name=WS_VDD New Net Name=5V_LED
Added Pin To Net: NetName=12V_PROT Pin=C40-1
Added Pin To Net: NetName=12V_PROT Pin=C41-1
Added Pin To Net: NetName=12V_PROT Pin=U3-2
Added Pin To Net: NetName=12V_PROT Pin=U4-2
Added Net: Name=12V_PROT
Added Pin To Net: NetName=CAN_E\N\ Pin=IC1-8
Added Pin To Net: NetName=CAN_E\N\ Pin=IC2-8
Added Pin To Net: NetName=CAN_E\N\ Pin=R21-1
Added Pin To Net: NetName=CAN_E\N\ Pin=R22-1
Added Pin To Net: NetName=CAN_E\N\ Pin=U2-59
Added Net: Name=CAN_E\N\
Added Pin To Net: NetName=GPS_CANRX Pin=P3-5
Added Net: Name=GPS_CANRX
Added Pin To Net: NetName=GPS_CANTX Pin=P3-4
Added Net: Name=GPS_CANTX
Added Pin To Net: NetName=GPS_RX Pin=P3-3
Added Pin To Net: NetName=GPS_RX Pin=U2-37
Added Net: Name=GPS_RX
Added Pin To Net: NetName=GPS_TX Pin=P3-2
Added Pin To Net: NetName=GPS_TX Pin=U2-38
Added Net: Name=GPS_TX
Added Pin To Net: NetName=GPS_VCC Pin=P3-1
Added Pin To Net: NetName=GPS_VCC Pin=Q2-1
Added Net: Name=GPS_VCC
Added Pin To Net: NetName=NetC48_1 Pin=C48-1
Added Pin To Net: NetName=NetC48_1 Pin=IC1-5
Added Pin To Net: NetName=NetC48_1 Pin=R17-2
Added Pin To Net: NetName=NetC48_1 Pin=R19-2
Added Net: Name=NetC48_1
Added Pin To Net: NetName=NetC49_1 Pin=C49-1
Added Pin To Net: NetName=NetC49_1 Pin=IC2-5
Added Pin To Net: NetName=NetC49_1 Pin=R18-2
Added Pin To Net: NetName=NetC49_1 Pin=R20-2
Added Net: Name=NetC49_1
Added Pin To Net: NetName=NetIC1_6 Pin=IC1-6
Added Pin To Net: NetName=NetIC1_6 Pin=R17-1
Added Net: Name=NetIC1_6
Added Pin To Net: NetName=NetIC1_7 Pin=IC1-7
Added Pin To Net: NetName=NetIC1_7 Pin=R19-1
Added Net: Name=NetIC1_7
Added Pin To Net: NetName=NetIC2_6 Pin=IC2-6
Added Pin To Net: NetName=NetIC2_6 Pin=R18-1
Added Net: Name=NetIC2_6
Added Pin To Net: NetName=NetIC2_7 Pin=IC2-7
Added Pin To Net: NetName=NetIC2_7 Pin=R20-1
Added Net: Name=NetIC2_7
Added Pin To Net: NetName=NetQ2_4 Pin=Q2-4
Added Pin To Net: NetName=NetQ2_4 Pin=R23-1
Added Net: Name=NetQ2_4
Added Pin To Net: NetName=NetR15_2 Pin=R15-2
Added Pin To Net: NetName=NetR15_2 Pin=U3-1
Added Net: Name=NetR15_2
Added Pin To Net: NetName=NetR16_2 Pin=R16-2
Added Pin To Net: NetName=NetR16_2 Pin=U4-1
Added Net: Name=NetR16_2
Added Pin To Net: NetName=TEL_CTS Pin=P4-4
Added Pin To Net: NetName=TEL_CTS Pin=U2-15
Added Net: Name=TEL_CTS
Added Pin To Net: NetName=TEL_RTS Pin=P4-5
Added Pin To Net: NetName=TEL_RTS Pin=U2-14
Added Net: Name=TEL_RTS
Added Pin To Net: NetName=TEL_RX Pin=P4-3
Added Pin To Net: NetName=TEL_RX Pin=U2-16
Added Net: Name=TEL_RX
Added Pin To Net: NetName=TEL_TX Pin=P4-2
Added Pin To Net: NetName=TEL_TX Pin=U2-17
Added Net: Name=TEL_TX
Added Pin To Net: NetName=TEL_VCC Pin=C43-1
Added Pin To Net: NetName=TEL_VCC Pin=C45-1
Added Pin To Net: NetName=TEL_VCC Pin=P4-1
Added Pin To Net: NetName=TEL_VCC Pin=U4-4
Added Net: Name=TEL_VCC
Added Class: Name=U_CAN
Added Class: Name=U_GPS
Added Class: Name=U_Power
Added Class: Name=U_Telemetry
