Removed Pin From Net: NetName=WS_GND Pin=C17_WS1-1
Removed Pin From Net: NetName=WS_VDD Pin=C17_WS1-2
Removed Pin From Net: NetName=WS_GND Pin=C17_WS2-1
Removed Pin From Net: NetName=WS_VDD Pin=C17_WS2-2
Removed Pin From Net: NetName=WS_GND Pin=C18_WS1-1
Removed Pin From Net: NetName=WS_VDD Pin=C18_WS1-2
Removed Pin From Net: NetName=WS_GND Pin=C18_WS2-1
Removed Pin From Net: NetName=WS_VDD Pin=C18_WS2-2
Removed Pin From Net: NetName=WS_GND Pin=C19_WS1-1
Removed Pin From Net: NetName=WS_VDD Pin=C19_WS1-2
Removed Pin From Net: NetName=WS_GND Pin=C19_WS2-1
Removed Pin From Net: NetName=WS_VDD Pin=C19_WS2-2
Removed Pin From Net: NetName=WS_VDD Pin=D17_WS1-1
Removed Pin From Net: NetName=WS_GND Pin=D17_WS1-3
Removed Pin From Net: NetName=WS_VDD Pin=D17_WS2-1
Removed Pin From Net: NetName=WS_GND Pin=D17_WS2-3
Removed Pin From Net: NetName=NetD16_WS2_2 Pin=D17_WS2-4
Removed Pin From Net: NetName=WS_VDD Pin=D18_WS1-1
Removed Pin From Net: NetName=WS_GND Pin=D18_WS1-3
Removed Pin From Net: NetName=WS_VDD Pin=D18_WS2-1
Removed Pin From Net: NetName=WS_GND Pin=D18_WS2-3
Removed Pin From Net: NetName=WS_VDD Pin=D19_WS1-1
Removed Pin From Net: NetName=NetD1_WS2_4 Pin=D19_WS1-2
Removed Pin From Net: NetName=WS_GND Pin=D19_WS1-3
Removed Pin From Net: NetName=WS_VDD Pin=D19_WS2-1
Removed Pin From Net: NetName=WS_GND Pin=D19_WS2-3
Removed Member From Class: ClassName=WS1 Member=C17_WS1
Removed Member From Class: ClassName=WS2 Member=C17_WS2
Removed Member From Class: ClassName=WS1 Member=C18_WS1
Removed Member From Class: ClassName=WS2 Member=C18_WS2
Removed Member From Class: ClassName=WS1 Member=C19_WS1
Removed Member From Class: ClassName=WS2 Member=C19_WS2
Removed Member From Class: ClassName=WS1 Member=D17_WS1
Removed Member From Class: ClassName=WS2 Member=D17_WS2
Removed Member From Class: ClassName=WS1 Member=D18_WS1
Removed Member From Class: ClassName=WS2 Member=D18_WS2
Removed Member From Class: ClassName=WS1 Member=D19_WS1
Removed Member From Class: ClassName=WS2 Member=D19_WS2
Added Pin To Net: NetName=NetD1_WS2_4 Pin=D16_WS1-2
