Removed Pin From Net: NetName=5V Pin=CAN1-1
Removed Pin From Net: NetName=GND Pin=CAN1-4
Removed Pin From Net: NetName=5V Pin=CAN2-1
Removed Pin From Net: NetName=GND Pin=CAN2-4
Removed Pin From Net: NetName=NetCAN1_3 Pin=IC1-6
Removed Pin From Net: NetName=NetCAN1_2 Pin=IC1-7
Removed Pin From Net: NetName=NetCAN2_3 Pin=IC2-6
Removed Pin From Net: NetName=NetCAN2_2 Pin=IC2-7
Removed Pin From Net: NetName=NetCAN1_3 Pin=R17-1
Removed Pin From Net: NetName=NetCAN2_3 Pin=R18-1
Removed Pin From Net: NetName=NetCAN1_2 Pin=R19-1
Removed Pin From Net: NetName=NetCAN2_2 Pin=R20-1
Added Pin To Net: NetName=GND Pin=CAN1-1
Added Pin To Net: NetName=5V Pin=CAN1-4
Added Pin To Net: NetName=GND Pin=CAN2-1
Added Pin To Net: NetName=5V Pin=CAN2-4
Added Pin To Net: NetName=NetCAN1_2 Pin=IC1-6
Added Pin To Net: NetName=NetCAN1_3 Pin=IC1-7
Added Pin To Net: NetName=NetCAN2_2 Pin=IC2-6
Added Pin To Net: NetName=NetCAN2_3 Pin=IC2-7
Added Pin To Net: NetName=NetCAN1_2 Pin=R17-1
Added Pin To Net: NetName=NetCAN2_2 Pin=R18-1
Added Pin To Net: NetName=NetCAN1_3 Pin=R19-1
Added Pin To Net: NetName=NetCAN2_3 Pin=R20-1
