Add component (AddParameter): Name = "Farnell Order Number"; Value = "1759047"; VariantName = "[No Variations]"
Add component (AddParameter): Name = "Form"; Value = "0603 [M 1608]"; VariantName = "[No Variations]"
Add component (AddParameter): Name = "Price"; Value = "0.009"; VariantName = "[No Variations]"
Add component (AddParameter): Name = "Series"; Value = "C0G/NP0"; VariantName = "[No Variations]"
Add component (AddParameter): Name = "Temperature Coeffizient"; Value = "0ppm/°C +- 30ppm/°C"; VariantName = "[No Variations]"
Add component (AddParameter): Name = "Temperature Range"; Value = "-55°C to +125°C"; VariantName = "[No Variations]"
Add component (AddParameter): Name = "Tolerance"; Value = "+-0.5pF"; VariantName = "[No Variations]"
Add component (AddParameter): Name = "Value"; Value = "6pF"; VariantName = "[No Variations]"
Add component (AddParameter): Name = "Voltage Rating"; Value = "50V"; VariantName = "[No Variations]"
Added Component: Designator=C23(C0603H08_L)
Add component. Clean all parameters for all variants
Add component (AddParameter): Name = "Farnell Order Number"; Value = "1759047"; VariantName = "[No Variations]"
Add component (AddParameter): Name = "Form"; Value = "0603 [M 1608]"; VariantName = "[No Variations]"
Add component (AddParameter): Name = "Price"; Value = "0.009"; VariantName = "[No Variations]"
Add component (AddParameter): Name = "Series"; Value = "C0G/NP0"; VariantName = "[No Variations]"
Add component (AddParameter): Name = "Temperature Coeffizient"; Value = "0ppm/°C +- 30ppm/°C"; VariantName = "[No Variations]"
Add component (AddParameter): Name = "Temperature Range"; Value = "-55°C to +125°C"; VariantName = "[No Variations]"
Add component (AddParameter): Name = "Tolerance"; Value = "+-0.5pF"; VariantName = "[No Variations]"
Add component (AddParameter): Name = "Value"; Value = "6pF"; VariantName = "[No Variations]"
Add component (AddParameter): Name = "Voltage Rating"; Value = "50V"; VariantName = "[No Variations]"
Add component (AddParameter): Name = "Farnell Order Number"; Value = "1759047"; VariantName = "[No Variations]"
Add component (AddParameter): Name = "Form"; Value = "0603 [M 1608]"; VariantName = "[No Variations]"
Add component (AddParameter): Name = "Price"; Value = "0.009"; VariantName = "[No Variations]"
Add component (AddParameter): Name = "Series"; Value = "C0G/NP0"; VariantName = "[No Variations]"
Add component (AddParameter): Name = "Temperature Coeffizient"; Value = "0ppm/°C +- 30ppm/°C"; VariantName = "[No Variations]"
Add component (AddParameter): Name = "Temperature Range"; Value = "-55°C to +125°C"; VariantName = "[No Variations]"
Add component (AddParameter): Name = "Tolerance"; Value = "+-0.5pF"; VariantName = "[No Variations]"
Add component (AddParameter): Name = "Value"; Value = "6pF"; VariantName = "[No Variations]"
Add component (AddParameter): Name = "Voltage Rating"; Value = "50V"; VariantName = "[No Variations]"
Added Component: Designator=C24(C0603H08_L)
Add component. Clean all parameters for all variants
Add component (AddParameter): Name = "Farnell Order Number"; Value = "1759047"; VariantName = "[No Variations]"
Add component (AddParameter): Name = "Form"; Value = "0603 [M 1608]"; VariantName = "[No Variations]"
Add component (AddParameter): Name = "Price"; Value = "0.009"; VariantName = "[No Variations]"
Add component (AddParameter): Name = "Series"; Value = "C0G/NP0"; VariantName = "[No Variations]"
Add component (AddParameter): Name = "Temperature Coeffizient"; Value = "0ppm/°C +- 30ppm/°C"; VariantName = "[No Variations]"
Add component (AddParameter): Name = "Temperature Range"; Value = "-55°C to +125°C"; VariantName = "[No Variations]"
Add component (AddParameter): Name = "Tolerance"; Value = "+-0.5pF"; VariantName = "[No Variations]"
Add component (AddParameter): Name = "Value"; Value = "6pF"; VariantName = "[No Variations]"
Add component (AddParameter): Name = "Voltage Rating"; Value = "50V"; VariantName = "[No Variations]"
Add component (AddParameter): Name = "Farnell"; Value = "http://de.farnell.com/avx/06036c225kat2a/kondensator-2-2-uf-6-3v-0603-x7r/dp/1657930"; VariantName = "[No Variations]"
Add component (AddParameter): Name = "Farnell Order Number"; Value = "1657930"; VariantName = "[No Variations]"
Add component (AddParameter): Name = "Form"; Value = "0603 [M 1608]"; VariantName = "[No Variations]"
Add component (AddParameter): Name = "Price"; Value = "0.131"; VariantName = "[No Variations]"
Add component (AddParameter): Name = "Series"; Value = "X7R"; VariantName = "[No Variations]"
Add component (AddParameter): Name = "Temperature Coeffizient"; Value = "N/A"; VariantName = "[No Variations]"
Add component (AddParameter): Name = "Temperature Range"; Value = "-55°C to +125°C"; VariantName = "[No Variations]"
Add component (AddParameter): Name = "Tolerance"; Value = "+-10%"; VariantName = "[No Variations]"
Add component (AddParameter): Name = "Value"; Value = "2.2µF"; VariantName = "[No Variations]"
Add component (AddParameter): Name = "Voltage Rating"; Value = "6.3V"; VariantName = "[No Variations]"
Added Component: Designator=C25(C0603H08_M)
Add component. Clean all parameters for all variants
Add component (AddParameter): Name = "Farnell"; Value = "http://de.farnell.com/avx/06036c225kat2a/kondensator-2-2-uf-6-3v-0603-x7r/dp/1657930"; VariantName = "[No Variations]"
Add component (AddParameter): Name = "Farnell Order Number"; Value = "1657930"; VariantName = "[No Variations]"
Add component (AddParameter): Name = "Form"; Value = "0603 [M 1608]"; VariantName = "[No Variations]"
Add component (AddParameter): Name = "Price"; Value = "0.131"; VariantName = "[No Variations]"
Add component (AddParameter): Name = "Series"; Value = "X7R"; VariantName = "[No Variations]"
Add component (AddParameter): Name = "Temperature Coeffizient"; Value = "N/A"; VariantName = "[No Variations]"
Add component (AddParameter): Name = "Temperature Range"; Value = "-55°C to +125°C"; VariantName = "[No Variations]"
Add component (AddParameter): Name = "Tolerance"; Value = "+-10%"; VariantName = "[No Variations]"
Add component (AddParameter): Name = "Value"; Value = "2.2µF"; VariantName = "[No Variations]"
Add component (AddParameter): Name = "Voltage Rating"; Value = "6.3V"; VariantName = "[No Variations]"
Add component (AddParameter): Name = "Farnell"; Value = "http://de.farnell.com/avx/06036c225kat2a/kondensator-2-2-uf-6-3v-0603-x7r/dp/1657930"; VariantName = "[No Variations]"
Add component (AddParameter): Name = "Farnell Order Number"; Value = "1657930"; VariantName = "[No Variations]"
Add component (AddParameter): Name = "Form"; Value = "0603 [M 1608]"; VariantName = "[No Variations]"
Add component (AddParameter): Name = "Price"; Value = "0.131"; VariantName = "[No Variations]"
Add component (AddParameter): Name = "Series"; Value = "X7R"; VariantName = "[No Variations]"
Add component (AddParameter): Name = "Temperature Coeffizient"; Value = "N/A"; VariantName = "[No Variations]"
Add component (AddParameter): Name = "Temperature Range"; Value = "-55°C to +125°C"; VariantName = "[No Variations]"
Add component (AddParameter): Name = "Tolerance"; Value = "+-10%"; VariantName = "[No Variations]"
Add component (AddParameter): Name = "Value"; Value = "2.2µF"; VariantName = "[No Variations]"
Add component (AddParameter): Name = "Voltage Rating"; Value = "6.3V"; VariantName = "[No Variations]"
Added Component: Designator=C26(C0603H08_M)
Add component. Clean all parameters for all variants
Add component (AddParameter): Name = "Farnell"; Value = "http://de.farnell.com/avx/06036c225kat2a/kondensator-2-2-uf-6-3v-0603-x7r/dp/1657930"; VariantName = "[No Variations]"
Add component (AddParameter): Name = "Farnell Order Number"; Value = "1657930"; VariantName = "[No Variations]"
Add component (AddParameter): Name = "Form"; Value = "0603 [M 1608]"; VariantName = "[No Variations]"
Add component (AddParameter): Name = "Price"; Value = "0.131"; VariantName = "[No Variations]"
Add component (AddParameter): Name = "Series"; Value = "X7R"; VariantName = "[No Variations]"
Add component (AddParameter): Name = "Temperature Coeffizient"; Value = "N/A"; VariantName = "[No Variations]"
Add component (AddParameter): Name = "Temperature Range"; Value = "-55°C to +125°C"; VariantName = "[No Variations]"
Add component (AddParameter): Name = "Tolerance"; Value = "+-10%"; VariantName = "[No Variations]"
Add component (AddParameter): Name = "Value"; Value = "2.2µF"; VariantName = "[No Variations]"
Add component (AddParameter): Name = "Voltage Rating"; Value = "6.3V"; VariantName = "[No Variations]"
Add component (AddParameter): Name = "Farnell Order Number"; Value = ""; VariantName = "[No Variations]"
Add component (AddParameter): Name = "Form"; Value = "0603 [M 1608]"; VariantName = "[No Variations]"
Add component (AddParameter): Name = "Price"; Value = "0.044"; VariantName = "[No Variations]"
Add component (AddParameter): Name = "Series"; Value = "X7R"; VariantName = "[No Variations]"
Add component (AddParameter): Name = "Temperature Coeffizient"; Value = "0ppm/°C +- 30ppm/°C"; VariantName = "[No Variations]"
Add component (AddParameter): Name = "Temperature Range"; Value = "-55°C to +125°C"; VariantName = "[No Variations]"
Add component (AddParameter): Name = "Tolerance"; Value = "+-10%"; VariantName = "[No Variations]"
Add component (AddParameter): Name = "Value"; Value = "100nF"; VariantName = "[No Variations]"
Add component (AddParameter): Name = "Voltage Rating"; Value = "100V"; VariantName = "[No Variations]"
Added Component: Designator=C27(C0603H08_M)
Add component. Clean all parameters for all variants
Add component (AddParameter): Name = "Farnell Order Number"; Value = ""; VariantName = "[No Variations]"
Add component (AddParameter): Name = "Form"; Value = "0603 [M 1608]"; VariantName = "[No Variations]"
Add component (AddParameter): Name = "Price"; Value = "0.044"; VariantName = "[No Variations]"
Add component (AddParameter): Name = "Series"; Value = "X7R"; VariantName = "[No Variations]"
Add component (AddParameter): Name = "Temperature Coeffizient"; Value = "0ppm/°C +- 30ppm/°C"; VariantName = "[No Variations]"
Add component (AddParameter): Name = "Temperature Range"; Value = "-55°C to +125°C"; VariantName = "[No Variations]"
Add component (AddParameter): Name = "Tolerance"; Value = "+-10%"; VariantName = "[No Variations]"
Add component (AddParameter): Name = "Value"; Value = "100nF"; VariantName = "[No Variations]"
Add component (AddParameter): Name = "Voltage Rating"; Value = "100V"; VariantName = "[No Variations]"
Add component (AddParameter): Name = "Farnell Order Number"; Value = "2496930"; VariantName = "[No Variations]"
Add component (AddParameter): Name = "Form"; Value = "0603 [M 1608]"; VariantName = "[No Variations]"
Add component (AddParameter): Name = "Price"; Value = "0.045"; VariantName = "[No Variations]"
Add component (AddParameter): Name = "Series"; Value = "X5R"; VariantName = "[No Variations]"
Add component (AddParameter): Name = "Temperature Range"; Value = "-55°C to +85°C"; VariantName = "[No Variations]"
Add component (AddParameter): Name = "Tolerance"; Value = "+-10%"; VariantName = "[No Variations]"
Add component (AddParameter): Name = "Value"; Value = "4.7µF"; VariantName = "[No Variations]"
Add component (AddParameter): Name = "Voltage Rating"; Value = "6.3V"; VariantName = "[No Variations]"
Added Component: Designator=C28(C0603H08_L)
Add component. Clean all parameters for all variants
Add component (AddParameter): Name = "Farnell Order Number"; Value = "2496930"; VariantName = "[No Variations]"
Add component (AddParameter): Name = "Form"; Value = "0603 [M 1608]"; VariantName = "[No Variations]"
Add component (AddParameter): Name = "Price"; Value = "0.045"; VariantName = "[No Variations]"
Add component (AddParameter): Name = "Series"; Value = "X5R"; VariantName = "[No Variations]"
Add component (AddParameter): Name = "Temperature Range"; Value = "-55°C to +85°C"; VariantName = "[No Variations]"
Add component (AddParameter): Name = "Tolerance"; Value = "+-10%"; VariantName = "[No Variations]"
Add component (AddParameter): Name = "Value"; Value = "4.7µF"; VariantName = "[No Variations]"
Add component (AddParameter): Name = "Voltage Rating"; Value = "6.3V"; VariantName = "[No Variations]"
Add component (AddParameter): Name = "Farnell Order Number"; Value = "2496930"; VariantName = "[No Variations]"
Add component (AddParameter): Name = "Form"; Value = "0603 [M 1608]"; VariantName = "[No Variations]"
Add component (AddParameter): Name = "Price"; Value = "0.045"; VariantName = "[No Variations]"
Add component (AddParameter): Name = "Series"; Value = "X5R"; VariantName = "[No Variations]"
Add component (AddParameter): Name = "Temperature Range"; Value = "-55°C to +85°C"; VariantName = "[No Variations]"
Add component (AddParameter): Name = "Tolerance"; Value = "+-10%"; VariantName = "[No Variations]"
Add component (AddParameter): Name = "Value"; Value = "4.7µF"; VariantName = "[No Variations]"
Add component (AddParameter): Name = "Voltage Rating"; Value = "6.3V"; VariantName = "[No Variations]"
Added Component: Designator=C29(C0603H08_L)
Add component. Clean all parameters for all variants
Add component (AddParameter): Name = "Farnell Order Number"; Value = "2496930"; VariantName = "[No Variations]"
Add component (AddParameter): Name = "Form"; Value = "0603 [M 1608]"; VariantName = "[No Variations]"
Add component (AddParameter): Name = "Price"; Value = "0.045"; VariantName = "[No Variations]"
Add component (AddParameter): Name = "Series"; Value = "X5R"; VariantName = "[No Variations]"
Add component (AddParameter): Name = "Temperature Range"; Value = "-55°C to +85°C"; VariantName = "[No Variations]"
Add component (AddParameter): Name = "Tolerance"; Value = "+-10%"; VariantName = "[No Variations]"
Add component (AddParameter): Name = "Value"; Value = "4.7µF"; VariantName = "[No Variations]"
Add component (AddParameter): Name = "Voltage Rating"; Value = "6.3V"; VariantName = "[No Variations]"
Add component (AddParameter): Name = "Farnell Order Number"; Value = "2496930"; VariantName = "[No Variations]"
Add component (AddParameter): Name = "Form"; Value = "0603 [M 1608]"; VariantName = "[No Variations]"
Add component (AddParameter): Name = "Price"; Value = "0.045"; VariantName = "[No Variations]"
Add component (AddParameter): Name = "Series"; Value = "X5R"; VariantName = "[No Variations]"
Add component (AddParameter): Name = "Temperature Range"; Value = "-55°C to +85°C"; VariantName = "[No Variations]"
Add component (AddParameter): Name = "Tolerance"; Value = "+-10%"; VariantName = "[No Variations]"
Add component (AddParameter): Name = "Value"; Value = "4.7µF"; VariantName = "[No Variations]"
Add component (AddParameter): Name = "Voltage Rating"; Value = "6.3V"; VariantName = "[No Variations]"
Added Component: Designator=C30(C0603H08_L)
Add component. Clean all parameters for all variants
Add component (AddParameter): Name = "Farnell Order Number"; Value = "2496930"; VariantName = "[No Variations]"
Add component (AddParameter): Name = "Form"; Value = "0603 [M 1608]"; VariantName = "[No Variations]"
Add component (AddParameter): Name = "Price"; Value = "0.045"; VariantName = "[No Variations]"
Add component (AddParameter): Name = "Series"; Value = "X5R"; VariantName = "[No Variations]"
Add component (AddParameter): Name = "Temperature Range"; Value = "-55°C to +85°C"; VariantName = "[No Variations]"
Add component (AddParameter): Name = "Tolerance"; Value = "+-10%"; VariantName = "[No Variations]"
Add component (AddParameter): Name = "Value"; Value = "4.7µF"; VariantName = "[No Variations]"
Add component (AddParameter): Name = "Voltage Rating"; Value = "6.3V"; VariantName = "[No Variations]"
Add component (AddParameter): Name = "Farnell Order Number"; Value = ""; VariantName = "[No Variations]"
Add component (AddParameter): Name = "Form"; Value = "0603 [M 1608]"; VariantName = "[No Variations]"
Add component (AddParameter): Name = "Price"; Value = "0.044"; VariantName = "[No Variations]"
Add component (AddParameter): Name = "Series"; Value = "X7R"; VariantName = "[No Variations]"
Add component (AddParameter): Name = "Temperature Coeffizient"; Value = "0ppm/°C +- 30ppm/°C"; VariantName = "[No Variations]"
Add component (AddParameter): Name = "Temperature Range"; Value = "-55°C to +125°C"; VariantName = "[No Variations]"
Add component (AddParameter): Name = "Tolerance"; Value = "+-10%"; VariantName = "[No Variations]"
Add component (AddParameter): Name = "Value"; Value = "100nF"; VariantName = "[No Variations]"
Add component (AddParameter): Name = "Voltage Rating"; Value = "100V"; VariantName = "[No Variations]"
Added Component: Designator=C31(C0603H08_M)
Add component. Clean all parameters for all variants
Add component (AddParameter): Name = "Farnell Order Number"; Value = ""; VariantName = "[No Variations]"
Add component (AddParameter): Name = "Form"; Value = "0603 [M 1608]"; VariantName = "[No Variations]"
Add component (AddParameter): Name = "Price"; Value = "0.044"; VariantName = "[No Variations]"
Add component (AddParameter): Name = "Series"; Value = "X7R"; VariantName = "[No Variations]"
Add component (AddParameter): Name = "Temperature Coeffizient"; Value = "0ppm/°C +- 30ppm/°C"; VariantName = "[No Variations]"
Add component (AddParameter): Name = "Temperature Range"; Value = "-55°C to +125°C"; VariantName = "[No Variations]"
Add component (AddParameter): Name = "Tolerance"; Value = "+-10%"; VariantName = "[No Variations]"
Add component (AddParameter): Name = "Value"; Value = "100nF"; VariantName = "[No Variations]"
Add component (AddParameter): Name = "Voltage Rating"; Value = "100V"; VariantName = "[No Variations]"
Add component (AddParameter): Name = "Farnell Order Number"; Value = "2496930"; VariantName = "[No Variations]"
Add component (AddParameter): Name = "Form"; Value = "0603 [M 1608]"; VariantName = "[No Variations]"
Add component (AddParameter): Name = "Price"; Value = "0.045"; VariantName = "[No Variations]"
Add component (AddParameter): Name = "Series"; Value = "X5R"; VariantName = "[No Variations]"
Add component (AddParameter): Name = "Temperature Range"; Value = "-55°C to +85°C"; VariantName = "[No Variations]"
Add component (AddParameter): Name = "Tolerance"; Value = "+-10%"; VariantName = "[No Variations]"
Add component (AddParameter): Name = "Value"; Value = "4.7µF"; VariantName = "[No Variations]"
Add component (AddParameter): Name = "Voltage Rating"; Value = "6.3V"; VariantName = "[No Variations]"
Added Component: Designator=C32(C0603H08_L)
Add component. Clean all parameters for all variants
Add component (AddParameter): Name = "Farnell Order Number"; Value = "2496930"; VariantName = "[No Variations]"
Add component (AddParameter): Name = "Form"; Value = "0603 [M 1608]"; VariantName = "[No Variations]"
Add component (AddParameter): Name = "Price"; Value = "0.045"; VariantName = "[No Variations]"
Add component (AddParameter): Name = "Series"; Value = "X5R"; VariantName = "[No Variations]"
Add component (AddParameter): Name = "Temperature Range"; Value = "-55°C to +85°C"; VariantName = "[No Variations]"
Add component (AddParameter): Name = "Tolerance"; Value = "+-10%"; VariantName = "[No Variations]"
Add component (AddParameter): Name = "Value"; Value = "4.7µF"; VariantName = "[No Variations]"
Add component (AddParameter): Name = "Voltage Rating"; Value = "6.3V"; VariantName = "[No Variations]"
Add component (AddParameter): Name = "Farnell Order Number"; Value = ""; VariantName = "[No Variations]"
Add component (AddParameter): Name = "Form"; Value = "0603 [M 1608]"; VariantName = "[No Variations]"
Add component (AddParameter): Name = "Price"; Value = "0.044"; VariantName = "[No Variations]"
Add component (AddParameter): Name = "Series"; Value = "X7R"; VariantName = "[No Variations]"
Add component (AddParameter): Name = "Temperature Coeffizient"; Value = "0ppm/°C +- 30ppm/°C"; VariantName = "[No Variations]"
Add component (AddParameter): Name = "Temperature Range"; Value = "-55°C to +125°C"; VariantName = "[No Variations]"
Add component (AddParameter): Name = "Tolerance"; Value = "+-10%"; VariantName = "[No Variations]"
Add component (AddParameter): Name = "Value"; Value = "100nF"; VariantName = "[No Variations]"
Add component (AddParameter): Name = "Voltage Rating"; Value = "100V"; VariantName = "[No Variations]"
Added Component: Designator=C33(C0603H08_M)
Add component. Clean all parameters for all variants
Add component (AddParameter): Name = "Farnell Order Number"; Value = ""; VariantName = "[No Variations]"
Add component (AddParameter): Name = "Form"; Value = "0603 [M 1608]"; VariantName = "[No Variations]"
Add component (AddParameter): Name = "Price"; Value = "0.044"; VariantName = "[No Variations]"
Add component (AddParameter): Name = "Series"; Value = "X7R"; VariantName = "[No Variations]"
Add component (AddParameter): Name = "Temperature Coeffizient"; Value = "0ppm/°C +- 30ppm/°C"; VariantName = "[No Variations]"
Add component (AddParameter): Name = "Temperature Range"; Value = "-55°C to +125°C"; VariantName = "[No Variations]"
Add component (AddParameter): Name = "Tolerance"; Value = "+-10%"; VariantName = "[No Variations]"
Add component (AddParameter): Name = "Value"; Value = "100nF"; VariantName = "[No Variations]"
Add component (AddParameter): Name = "Voltage Rating"; Value = "100V"; VariantName = "[No Variations]"
Add component (AddParameter): Name = "Farnell Order Number"; Value = ""; VariantName = "[No Variations]"
Add component (AddParameter): Name = "Form"; Value = "0603 [M 1608]"; VariantName = "[No Variations]"
Add component (AddParameter): Name = "Price"; Value = "0.044"; VariantName = "[No Variations]"
Add component (AddParameter): Name = "Series"; Value = "X7R"; VariantName = "[No Variations]"
Add component (AddParameter): Name = "Temperature Coeffizient"; Value = "0ppm/°C +- 30ppm/°C"; VariantName = "[No Variations]"
Add component (AddParameter): Name = "Temperature Range"; Value = "-55°C to +125°C"; VariantName = "[No Variations]"
Add component (AddParameter): Name = "Tolerance"; Value = "+-10%"; VariantName = "[No Variations]"
Add component (AddParameter): Name = "Value"; Value = "100nF"; VariantName = "[No Variations]"
Add component (AddParameter): Name = "Voltage Rating"; Value = "100V"; VariantName = "[No Variations]"
Added Component: Designator=C34(C0603H08_M)
Add component. Clean all parameters for all variants
Add component (AddParameter): Name = "Farnell Order Number"; Value = ""; VariantName = "[No Variations]"
Add component (AddParameter): Name = "Form"; Value = "0603 [M 1608]"; VariantName = "[No Variations]"
Add component (AddParameter): Name = "Price"; Value = "0.044"; VariantName = "[No Variations]"
Add component (AddParameter): Name = "Series"; Value = "X7R"; VariantName = "[No Variations]"
Add component (AddParameter): Name = "Temperature Coeffizient"; Value = "0ppm/°C +- 30ppm/°C"; VariantName = "[No Variations]"
Add component (AddParameter): Name = "Temperature Range"; Value = "-55°C to +125°C"; VariantName = "[No Variations]"
Add component (AddParameter): Name = "Tolerance"; Value = "+-10%"; VariantName = "[No Variations]"
Add component (AddParameter): Name = "Value"; Value = "100nF"; VariantName = "[No Variations]"
Add component (AddParameter): Name = "Voltage Rating"; Value = "100V"; VariantName = "[No Variations]"
Add component (AddParameter): Name = "Farnell Order Number"; Value = ""; VariantName = "[No Variations]"
Add component (AddParameter): Name = "Form"; Value = "0603 [M 1608]"; VariantName = "[No Variations]"
Add component (AddParameter): Name = "Price"; Value = "0.044"; VariantName = "[No Variations]"
Add component (AddParameter): Name = "Series"; Value = "X7R"; VariantName = "[No Variations]"
Add component (AddParameter): Name = "Temperature Coeffizient"; Value = "0ppm/°C +- 30ppm/°C"; VariantName = "[No Variations]"
Add component (AddParameter): Name = "Temperature Range"; Value = "-55°C to +125°C"; VariantName = "[No Variations]"
Add component (AddParameter): Name = "Tolerance"; Value = "+-10%"; VariantName = "[No Variations]"
Add component (AddParameter): Name = "Value"; Value = "100nF"; VariantName = "[No Variations]"
Add component (AddParameter): Name = "Voltage Rating"; Value = "100V"; VariantName = "[No Variations]"
Added Component: Designator=C35(C0603H08_M)
Add component. Clean all parameters for all variants
Add component (AddParameter): Name = "Farnell Order Number"; Value = ""; VariantName = "[No Variations]"
Add component (AddParameter): Name = "Form"; Value = "0603 [M 1608]"; VariantName = "[No Variations]"
Add component (AddParameter): Name = "Price"; Value = "0.044"; VariantName = "[No Variations]"
Add component (AddParameter): Name = "Series"; Value = "X7R"; VariantName = "[No Variations]"
Add component (AddParameter): Name = "Temperature Coeffizient"; Value = "0ppm/°C +- 30ppm/°C"; VariantName = "[No Variations]"
Add component (AddParameter): Name = "Temperature Range"; Value = "-55°C to +125°C"; VariantName = "[No Variations]"
Add component (AddParameter): Name = "Tolerance"; Value = "+-10%"; VariantName = "[No Variations]"
Add component (AddParameter): Name = "Value"; Value = "100nF"; VariantName = "[No Variations]"
Add component (AddParameter): Name = "Voltage Rating"; Value = "100V"; VariantName = "[No Variations]"
Add component (AddParameter): Name = "Farnell Order Number"; Value = ""; VariantName = "[No Variations]"
Add component (AddParameter): Name = "Form"; Value = "0603 [M 1608]"; VariantName = "[No Variations]"
Add component (AddParameter): Name = "Price"; Value = "0.044"; VariantName = "[No Variations]"
Add component (AddParameter): Name = "Series"; Value = "X7R"; VariantName = "[No Variations]"
Add component (AddParameter): Name = "Temperature Coeffizient"; Value = "0ppm/°C +- 30ppm/°C"; VariantName = "[No Variations]"
Add component (AddParameter): Name = "Temperature Range"; Value = "-55°C to +125°C"; VariantName = "[No Variations]"
Add component (AddParameter): Name = "Tolerance"; Value = "+-10%"; VariantName = "[No Variations]"
Add component (AddParameter): Name = "Value"; Value = "100nF"; VariantName = "[No Variations]"
Add component (AddParameter): Name = "Voltage Rating"; Value = "100V"; VariantName = "[No Variations]"
Added Component: Designator=C36(C0603H08_M)
Add component. Clean all parameters for all variants
Add component (AddParameter): Name = "Farnell Order Number"; Value = ""; VariantName = "[No Variations]"
Add component (AddParameter): Name = "Form"; Value = "0603 [M 1608]"; VariantName = "[No Variations]"
Add component (AddParameter): Name = "Price"; Value = "0.044"; VariantName = "[No Variations]"
Add component (AddParameter): Name = "Series"; Value = "X7R"; VariantName = "[No Variations]"
Add component (AddParameter): Name = "Temperature Coeffizient"; Value = "0ppm/°C +- 30ppm/°C"; VariantName = "[No Variations]"
Add component (AddParameter): Name = "Temperature Range"; Value = "-55°C to +125°C"; VariantName = "[No Variations]"
Add component (AddParameter): Name = "Tolerance"; Value = "+-10%"; VariantName = "[No Variations]"
Add component (AddParameter): Name = "Value"; Value = "100nF"; VariantName = "[No Variations]"
Add component (AddParameter): Name = "Voltage Rating"; Value = "100V"; VariantName = "[No Variations]"
Added Component: Designator=D17(CD 0603)
Add component. Clean all parameters for all variants
Add component (AddParameter): Name = "DC"; Value = "0.55Ohm"; VariantName = "[No Variations]"
Add component (AddParameter): Name = "DC Current"; Value = "300mA"; VariantName = "[No Variations]"
Add component (AddParameter): Name = "Farnell"; Value = "http://de.farnell.com/fair-rite/25060310270/ferrite-perle-1000ohm-0-1-0603/dp/1463451"; VariantName = "[No Variations]"
Add component (AddParameter): Name = "Farnell Order Number"; Value = "1463451"; VariantName = "[No Variations]"
Add component (AddParameter): Name = "Price"; Value = "0.018"; VariantName = "[No Variations]"
Add component (AddParameter): Name = "Value @ 100Mhz"; Value = "1000 Ohm"; VariantName = "[No Variations]"
Added Component: Designator=L2(R0603H05_L)
Add component. Clean all parameters for all variants
Add component (AddParameter): Name = "DC"; Value = "0.55Ohm"; VariantName = "[No Variations]"
Add component (AddParameter): Name = "DC Current"; Value = "300mA"; VariantName = "[No Variations]"
Add component (AddParameter): Name = "Farnell"; Value = "http://de.farnell.com/fair-rite/25060310270/ferrite-perle-1000ohm-0-1-0603/dp/1463451"; VariantName = "[No Variations]"
Add component (AddParameter): Name = "Farnell Order Number"; Value = "1463451"; VariantName = "[No Variations]"
Add component (AddParameter): Name = "Price"; Value = "0.018"; VariantName = "[No Variations]"
Add component (AddParameter): Name = "Value @ 100Mhz"; Value = "1000 Ohm"; VariantName = "[No Variations]"
Add component (AddParameter): Name = "Circuits"; Value = "6"; VariantName = "[No Variations]"
Add component (AddParameter): Name = "Model"; Value = "B6B-PH-K-S"; VariantName = "[No Variations]"
Added Component: Designator=P1(B6B-PH-K-S)
Add component. Clean all parameters for all variants
Add component (AddParameter): Name = "Circuits"; Value = "6"; VariantName = "[No Variations]"
Add component (AddParameter): Name = "Model"; Value = "B6B-PH-K-S"; VariantName = "[No Variations]"
Added Component: Designator=Prog(SWD 100mil SMD)
Add component. Clean all parameters for all variants
Added Component: Designator=R4(R0603H05_M)
Add component. Clean all parameters for all variants
Added Component: Designator=R5(R0603H05_M)
Add component. Clean all parameters for all variants
Added Component: Designator=R6(R0603H05_M)
Add component. Clean all parameters for all variants
Add component (AddParameter): Name = "Farnell"; Value = "http://de.farnell.com/abracon/abs25-32-768khz-6-1-t/quarz-32-768khz-6pf-smd/dp/2101353"; VariantName = "[No Variations]"
Add component (AddParameter): Name = "Farnell Order Number"; Value = "2101353"; VariantName = "[No Variations]"
Add component (AddParameter): Name = "Load"; Value = "6pF"; VariantName = "[No Variations]"
Add component (AddParameter): Name = "Price"; Value = "0.741"; VariantName = "[No Variations]"
Add component (AddParameter): Name = "Value"; Value = "32.768khz"; VariantName = "[No Variations]"
Added Component: Designator=X1(Abracon ABS25 Series Crystal)
Add component. Clean all parameters for all variants
Add component (AddParameter): Name = "Farnell"; Value = "http://de.farnell.com/abracon/abs25-32-768khz-6-1-t/quarz-32-768khz-6pf-smd/dp/2101353"; VariantName = "[No Variations]"
Add component (AddParameter): Name = "Farnell Order Number"; Value = "2101353"; VariantName = "[No Variations]"
Add component (AddParameter): Name = "Load"; Value = "6pF"; VariantName = "[No Variations]"
Add component (AddParameter): Name = "Price"; Value = "0.741"; VariantName = "[No Variations]"
Add component (AddParameter): Name = "Value"; Value = "32.768khz"; VariantName = "[No Variations]"
Add component (AddParameter): Name = "Farnell"; Value = "http://de.farnell.com/murata/cstce8m00g55z-r0/resonator-smd-8-0mhz/dp/1615352"; VariantName = "[No Variations]"
Add component (AddParameter): Name = "Farnell Order Number"; Value = "1615352"; VariantName = "[No Variations]"
Add component (AddParameter): Name = "Price"; Value = "0.338"; VariantName = "[No Variations]"
Add component (AddParameter): Name = "Value"; Value = "8Mhz"; VariantName = "[No Variations]"
Added Component: Designator=X2(CSTCE_G15)
Add component. Clean all parameters for all variants
Add component (AddParameter): Name = "Farnell"; Value = "http://de.farnell.com/murata/cstce8m00g55z-r0/resonator-smd-8-0mhz/dp/1615352"; VariantName = "[No Variations]"
Add component (AddParameter): Name = "Farnell Order Number"; Value = "1615352"; VariantName = "[No Variations]"
Add component (AddParameter): Name = "Price"; Value = "0.338"; VariantName = "[No Variations]"
Add component (AddParameter): Name = "Value"; Value = "8Mhz"; VariantName = "[No Variations]"
Added Pin To Net: NetName=GND Pin=C23-1
Added Pin To Net: NetName=GND Pin=C24-2
Added Pin To Net: NetName=GND Pin=C25-2
Added Pin To Net: NetName=GND Pin=C26-2
Added Pin To Net: NetName=GND Pin=C27-2
Added Pin To Net: NetName=GND Pin=C28-2
Added Pin To Net: NetName=GND Pin=C29-2
Added Pin To Net: NetName=GND Pin=C30-2
Added Pin To Net: NetName=GND Pin=C31-2
Added Pin To Net: NetName=GND Pin=C32-2
Added Pin To Net: NetName=GND Pin=C33-2
Added Pin To Net: NetName=GND Pin=C34-2
Added Pin To Net: NetName=GND Pin=C35-2
Added Pin To Net: NetName=GND Pin=C36-2
Added Pin To Net: NetName=GND Pin=P1-3
Added Pin To Net: NetName=GND Pin=Prog-4
Added Pin To Net: NetName=GND Pin=R4-1
Added Pin To Net: NetName=GND Pin=U2-12
Added Pin To Net: NetName=GND Pin=U2-18
Added Pin To Net: NetName=GND Pin=U2-63
Added Pin To Net: NetName=GND Pin=X2-2
Added Pin To Net: NetName=3V3 Pin=C28-1
Added Pin To Net: NetName=3V3 Pin=C33-1
Added Pin To Net: NetName=3V3 Pin=C34-1
Added Pin To Net: NetName=3V3 Pin=C35-1
Added Pin To Net: NetName=3V3 Pin=C36-1
Added Pin To Net: NetName=3V3 Pin=L2-1
Added Pin To Net: NetName=3V3 Pin=P1-1
Added Pin To Net: NetName=3V3 Pin=Prog-3
Added Pin To Net: NetName=3V3 Pin=R5-2
Added Pin To Net: NetName=3V3 Pin=R6-1
Added Pin To Net: NetName=3V3 Pin=U2-19
Added Pin To Net: NetName=3V3 Pin=U2-32
Added Pin To Net: NetName=3V3 Pin=U2-48
Added Pin To Net: NetName=3V3 Pin=U2-64
Added Net: Name=3V3
Added Pin To Net: NetName=NetC23_2 Pin=C23-2
Added Pin To Net: NetName=NetC23_2 Pin=U2-3
Added Pin To Net: NetName=NetC23_2 Pin=X1-1
Added Net: Name=NetC23_2
Added Pin To Net: NetName=NetC24_1 Pin=C24-1
Added Pin To Net: NetName=NetC24_1 Pin=U2-4
Added Pin To Net: NetName=NetC24_1 Pin=X1-4
Added Net: Name=NetC24_1
Added Pin To Net: NetName=NetC25_1 Pin=C25-1
Added Pin To Net: NetName=NetC25_1 Pin=U2-47
Added Net: Name=NetC25_1
Added Pin To Net: NetName=NetC26_1 Pin=C26-1
Added Pin To Net: NetName=NetC26_1 Pin=U2-31
Added Net: Name=NetC26_1
Added Pin To Net: NetName=NetC29_1 Pin=C29-1
Added Pin To Net: NetName=NetC29_1 Pin=C31-1
Added Pin To Net: NetName=NetC29_1 Pin=L2-2
Added Pin To Net: NetName=NetC29_1 Pin=U2-13
Added Net: Name=NetC29_1
Added Pin To Net: NetName=NetC30_1 Pin=C30-1
Added Pin To Net: NetName=NetC30_1 Pin=C32-1
Added Pin To Net: NetName=NetC30_1 Pin=D17-2
Added Pin To Net: NetName=NetC30_1 Pin=U2-1
Added Net: Name=NetC30_1
Added Pin To Net: NetName=NetD17_1 Pin=D17-1
Added Pin To Net: NetName=NetD17_1 Pin=R6-2
Added Net: Name=NetD17_1
Added Pin To Net: NetName=NetR4_2 Pin=R4-2
Added Pin To Net: NetName=NetR4_2 Pin=R5-1
Added Pin To Net: NetName=NetR4_2 Pin=U2-60
Added Net: Name=NetR4_2
Added Pin To Net: NetName=NetU2_6 Pin=U2-6
Added Pin To Net: NetName=NetU2_6 Pin=X2-1
Added Net: Name=NetU2_6
Added Pin To Net: NetName=Reset Pin=C27-1
Added Pin To Net: NetName=Reset Pin=P1-5
Added Pin To Net: NetName=Reset Pin=Prog-5
Added Pin To Net: NetName=Reset Pin=U2-7
Added Net: Name=Reset
Added Pin To Net: NetName=SCLK Pin=P1-2
Added Pin To Net: NetName=SCLK Pin=Prog-2
Added Pin To Net: NetName=SCLK Pin=U2-49
Added Net: Name=SCLK
Added Pin To Net: NetName=SWD Pin=P1-4
Added Pin To Net: NetName=SWD Pin=Prog-6
Added Pin To Net: NetName=SWD Pin=U2-46
Added Net: Name=SWD
Added Pin To Net: NetName=SWO Pin=P1-6
Added Pin To Net: NetName=SWO Pin=Prog-1
Added Pin To Net: NetName=SWO Pin=U2-55
Added Net: Name=SWO
Added Member To Class: ClassName=U_Microcontroller Member=Component C23 6pF
Added Member To Class: ClassName=U_Microcontroller Member=Component C24 6pF
Added Member To Class: ClassName=U_Microcontroller Member=Component C25 2.2µF
Added Member To Class: ClassName=U_Microcontroller Member=Component C26 2.2µF
Added Member To Class: ClassName=U_Microcontroller Member=Component C27 100nF
Added Member To Class: ClassName=U_Microcontroller Member=Component C28 4.7µF
Added Member To Class: ClassName=U_Microcontroller Member=Component C29 4.7µF
Added Member To Class: ClassName=U_Microcontroller Member=Component C30 4.7µF
Added Member To Class: ClassName=U_Microcontroller Member=Component C31 100nF
Added Member To Class: ClassName=U_Microcontroller Member=Component C32 4.7µF
Added Member To Class: ClassName=U_Microcontroller Member=Component C33 100nF
Added Member To Class: ClassName=U_Microcontroller Member=Component C34 100nF
Added Member To Class: ClassName=U_Microcontroller Member=Component C35 100nF
Added Member To Class: ClassName=U_Microcontroller Member=Component C36 100nF
Added Member To Class: ClassName=U_Microcontroller Member=Component D17 LS CD0603
Added Member To Class: ClassName=U_Microcontroller Member=Component L2 742792515
Added Member To Class: ClassName=U_Microcontroller Member=Component P1 B6B-PH-K-S
Added Member To Class: ClassName=U_Microcontroller Member=Component Prog .SWD_Programmer
Added Member To Class: ClassName=U_Microcontroller Member=Component R4 .Resistor
Added Member To Class: ClassName=U_Microcontroller Member=Component R5 .Resistor
Added Member To Class: ClassName=U_Microcontroller Member=Component R6 .Resistor
Added Member To Class: ClassName=U_Microcontroller Member=Component X1 ABRACON - ABS25-32.768KHZ-6-1-T - QUARZ, 32.768KHZ, 6PF, SMD
Added Member To Class: ClassName=U_Microcontroller Member=Component X2 8MHz, 33pF
Added Room: Name=U_Display
Added Room: Name=U_Microcontroller
Added Room: Name=WS1
Added Room: Name=WS2
