Added Component: Designator=Analog(DF13-5P-1.25H(20))
Add component. Clean all parameters for all variants
Add component (AddParameter): Name = "Circuits"; Value = "5"; VariantName = "[No Variations]"
Add component (AddParameter): Name = "Connector Orientation"; Value = "Right Angle"; VariantName = "[No Variations]"
Add component (AddParameter): Name = "Model"; Value = "DF13-5P-1.25H(20)"; VariantName = "[No Variations]"
Add component (AddParameter): Name = "Mounting Style"; Value = "SMT"; VariantName = "[No Variations]"
Added Component: Designator=C50(C0603H08_M)
Add component. Clean all parameters for all variants
Add component (AddParameter): Name = "Farnell Order Number"; Value = ""; VariantName = "[No Variations]"
Add component (AddParameter): Name = "Form"; Value = "0603 [M 1608]"; VariantName = "[No Variations]"
Add component (AddParameter): Name = "Price"; Value = "0.044"; VariantName = "[No Variations]"
Add component (AddParameter): Name = "Series"; Value = "X7R"; VariantName = "[No Variations]"
Add component (AddParameter): Name = "Temperature Coeffizient"; Value = "0ppm/°C +- 30ppm/°C"; VariantName = "[No Variations]"
Add component (AddParameter): Name = "Temperature Range"; Value = "-55°C to +125°C"; VariantName = "[No Variations]"
Add component (AddParameter): Name = "Tolerance"; Value = "+-10%"; VariantName = "[No Variations]"
Add component (AddParameter): Name = "Value"; Value = "100nF"; VariantName = "[No Variations]"
Add component (AddParameter): Name = "Voltage Rating"; Value = "100V"; VariantName = "[No Variations]"
Added Component: Designator=R30(R0603H05_M)
Add component. Clean all parameters for all variants
Added Component: Designator=R31(R0603H05_M)
Add component. Clean all parameters for all variants
Added Component: Designator=R32(R0603H05_M)
Add component. Clean all parameters for all variants
Added Component: Designator=R33(R0603H05_M)
Add component. Clean all parameters for all variants
Added Component: Designator=R34(R0603H05_M)
Add component. Clean all parameters for all variants
Added Component: Designator=R35(R0603H05_M)
Add component. Clean all parameters for all variants
Added Pin To Net: NetName=GND Pin=Analog-5
Added Pin To Net: NetName=GND Pin=C50-2
Added Pin To Net: NetName=12V_PROT Pin=R30-2
Added Pin To Net: NetName=GND Pin=R31-1
Added Pin To Net: NetName=NetC29_1 Pin=R32-2
Change Net Name : Old Net Name=NetC29_1 New Net Name=3V3A
Added Pin To Net: NetName=NetAnalog_1 Pin=Analog-1
Added Pin To Net: NetName=NetAnalog_1 Pin=R32-1
Added Net: Name=NetAnalog_1
Added Pin To Net: NetName=NetAnalog_2 Pin=Analog-2
Added Pin To Net: NetName=NetAnalog_2 Pin=R33-1
Added Net: Name=NetAnalog_2
Added Pin To Net: NetName=NetAnalog_3 Pin=Analog-3
Added Pin To Net: NetName=NetAnalog_3 Pin=R34-1
Added Net: Name=NetAnalog_3
Added Pin To Net: NetName=NetAnalog_4 Pin=Analog-4
Added Pin To Net: NetName=NetAnalog_4 Pin=R35-1
Added Net: Name=NetAnalog_4
Added Pin To Net: NetName=NetC50_1 Pin=C50-1
Added Pin To Net: NetName=NetC50_1 Pin=R30-1
Added Pin To Net: NetName=NetC50_1 Pin=R31-2
Added Pin To Net: NetName=NetC50_1 Pin=U2-20
Added Net: Name=NetC50_1
Added Pin To Net: NetName=NetR33_2 Pin=R33-2
Added Pin To Net: NetName=NetR33_2 Pin=U2-21
Added Net: Name=NetR33_2
Added Pin To Net: NetName=NetR34_2 Pin=R34-2
Added Pin To Net: NetName=NetR34_2 Pin=U2-22
Added Net: Name=NetR34_2
Added Pin To Net: NetName=NetR35_2 Pin=R35-2
Added Pin To Net: NetName=NetR35_2 Pin=U2-23
Added Net: Name=NetR35_2
Added Member To Class: ClassName=U_Microcontroller Member=Component Analog DF13-5P-1.25H(20)
Added Member To Class: ClassName=U_Microcontroller Member=Component C50 100nF
Added Member To Class: ClassName=U_Microcontroller Member=Component R30 .Resistor
Added Member To Class: ClassName=U_Microcontroller Member=Component R31 .Resistor
Added Member To Class: ClassName=U_Microcontroller Member=Component R32 .Resistor
Added Member To Class: ClassName=U_Microcontroller Member=Component R33 .Resistor
Added Member To Class: ClassName=U_Microcontroller Member=Component R34 .Resistor
Added Member To Class: ClassName=U_Microcontroller Member=Component R35 .Resistor
